<?xml version="1.0" encoding="UTF-8"?>
<!-- Generated by org.testng.reporters.JUnitReportReporter -->
<testsuite hostname="DESKTOP-HT38EU9" name="com.mytravels.pagetest.LoginPageTest" tests="2" failures="0" timestamp="29 Jun 2020 09:05:14 GMT" time="39.813" errors="0">
  <testcase name="verify_loginpage_Title" time="19.544" classname="com.mytravels.pagetest.LoginPageTest"/>
  <testcase name="verify_successful_login" time="20.269" classname="com.mytravels.pagetest.LoginPageTest"/>
</testsuite> <!-- com.mytravels.pagetest.LoginPageTest -->
