<?xml version="1.0" encoding="UTF-8"?>
<!-- Generated by org.testng.reporters.JUnitReportReporter -->
<testsuite hostname="DESKTOP-HT38EU9" name="com.mytravels.pagetest.HomepagePageTest" tests="1" failures="0" timestamp="24 Jun 2020 13:04:58 GMT" time="0.005" errors="1">
  <testcase name="verify_Homepage_Title" time="0.005" classname="com.mytravels.pagetest.HomepagePageTest">
    <error type="java.lang.StackOverflowError">
      <![CDATA[java.lang.StackOverflowError
	at java.util.Hashtable.<init>(Unknown Source)
	at java.util.Hashtable.<init>(Unknown Source)
	at java.util.Properties.<init>(Unknown Source)
	at java.util.Properties.<init>(Unknown Source)
	at com.mytravels.keyword.Keyword.getParameter(Keyword.java:41)
	at com.mytravels.keyword.Keyword.getParameter(Keyword.java:44)
	at com.mytravels.keyword.Keyword.getParameter(Keyword.java:44)
	at com.mytravels.keyword.Keyword.getParameter(Keyword.java:44)
	at com.mytravels.keyword.Keyword.getParameter(Keyword.java:44)
	at com.mytravels.keyword.Keyword.getParameter(Keyword.java:44)
	at com.mytravels.keyword.Keyword.getParameter(Keyword.java:44)
	at com.mytravels.keyword.Keyword.getParameter(Keyword.java:44)
	at com.mytravels.keyword.Keyword.getParameter(Keyword.java:44)
	at com.mytravels.keyword.Keyword.getParameter(Keyword.java:44)
	at com.mytravels.keyword.Keyword.getParameter(Keyword.java:44)
	at com.mytravels.keyword.Keyword.getParameter(Keyword.java:44)
	at com.mytravels.keyword.Keyword.getParameter(Keyword.java:44)
	at com.mytravels.keyword.Keyword.getParameter(Keyword.java:44)
	at com.mytravels.keyword.Keyword.getParameter(Keyword.java:44)
	at com.mytravels.keyword.Keyword.getParameter(Keyword.java:44)
	at com.mytravels.keyword.Keyword.getParameter(Keyword.java:44)
	at com.mytravels.keyword.Keyword.getParameter(Keyword.java:44)
	at com.mytravels.keyword.Keyword.getParameter(Keyword.java:44)
	at com.mytravels.keyword.Keyword.getParameter(Keyword.java:44)
	at com.mytravels.keyword.Keyword.getParameter(Keyword.java:44)
	at com.mytravels.keyword.Keyword.getParameter(Keyword.java:44)
	at com.mytravels.keyword.Keyword.getParameter(Keyword.java:44)
	at com.mytravels.keyword.Keyword.getParameter(Keyword.java:44)
	at com.mytravels.keyword.Keyword.getParameter(Keyword.java:44)
	at com.mytravels.keyword.Keyword.getParameter(Keyword.java:44)
	at com.mytravels.keyword.Keyword.getParameter(Keyword.java:44)
	at com.mytravels.keyword.Keyword.getParameter(Keyword.java:44)
	at com.mytravels.keyword.Keyword.getParameter(Keyword.java:44)
	at com.mytravels.keyword.Keyword.getParameter(Keyword.java:44)
	at com.mytravels.keyword.Keyword.getParameter(Keyword.java:44)
	at com.mytravels.keyword.Keyword.getParameter(Keyword.java:44)
	at com.mytravels.keyword.Keyword.getParameter(Keyword.java:44)
	at com.mytravels.keyword.Keyword.getParameter(Keyword.java:44)
	at com.mytravels.keyword.Keyword.getParameter(Keyword.java:44)
	at com.mytravels.keyword.Keyword.getParameter(Keyword.java:44)
	at com.mytravels.keyword.Keyword.getParameter(Keyword.java:44)
	at com.mytravels.keyword.Keyword.getParameter(Keyword.java:44)
	at com.mytravels.keyword.Keyword.getParameter(Keyword.java:44)
	at com.mytravels.keyword.Keyword.getParameter(Keyword.java:44)
	at com.mytravels.keyword.Keyword.getParameter(Keyword.java:44)
	at com.mytravels.keyword.Keyword.getParameter(Keyword.java:44)
	at com.mytravels.keyword.Keyword.getParameter(Keyword.java:44)
	at com.mytravels.keyword.Keyword.getParameter(Keyword.java:44)
	at com.mytravels.keyword.Keyword.getParameter(Keyword.java:44)
	at com.mytravels.keyword.Keyword.getParameter(Keyword.java:44)
	at com.mytravels.keyword.Keyword.getParameter(Keyword.java:44)
	at com.mytravels.keyword.Keyword.getParameter(Keyword.java:44)
	at com.mytravels.keyword.Keyword.getParameter(Keyword.java:44)
	at com.mytravels.keyword.Keyword.getParameter(Keyword.java:44)
	at com.mytravels.keyword.Keyword.getParameter(Keyword.java:44)
	at com.mytravels.keyword.Keyword.getParameter(Keyword.java:44)
	at com.mytravels.keyword.Keyword.getParameter(Keyword.java:44)
	at com.mytravels.keyword.Keyword.getParameter(Keyword.java:44)
	at com.mytravels.keyword.Keyword.getParameter(Keyword.java:44)
	at com.mytravels.keyword.Keyword.getParameter(Keyword.java:44)
	at com.mytravels.keyword.Keyword.getParameter(Keyword.java:44)
	at com.mytravels.keyword.Keyword.getParameter(Keyword.java:44)
	at com.mytravels.keyword.Keyword.getParameter(Keyword.java:44)
	at com.mytravels.keyword.Keyword.getParameter(Keyword.java:44)
	at com.mytravels.keyword.Keyword.getParameter(Keyword.java:44)
	at com.mytravels.keyword.Keyword.getParameter(Keyword.java:44)
	at com.mytravels.keyword.Keyword.getParameter(Keyword.java:44)
	at com.mytravels.keyword.Keyword.getParameter(Keyword.java:44)
	at com.mytravels.keyword.Keyword.getParameter(Keyword.java:44)
	at com.mytravels.keyword.Keyword.getParameter(Keyword.java:44)
	at com.mytravels.keyword.Keyword.getParameter(Keyword.java:44)
	at com.mytravels.keyword.Keyword.getParameter(Keyword.java:44)
	at com.mytravels.keyword.Keyword.getParameter(Keyword.java:44)
	at com.mytravels.keyword.Keyword.getParameter(Keyword.java:44)
	at com.mytravels.keyword.Keyword.getParameter(Keyword.java:44)
	at com.mytravels.keyword.Keyword.getParameter(Keyword.java:44)
	at com.mytravels.keyword.Keyword.getParameter(Keyword.java:44)
	at com.mytravels.keyword.Keyword.getParameter(Keyword.java:44)
	at com.mytravels.keyword.Keyword.getParameter(Keyword.java:44)
	at com.mytravels.keyword.Keyword.getParameter(Keyword.java:44)
	at com.mytravels.keyword.Keyword.getParameter(Keyword.java:44)
	at com.mytravels.keyword.Keyword.getParameter(Keyword.java:44)
	at com.mytravels.keyword.Keyword.getParameter(Keyword.java:44)
	at com.mytravels.keyword.Keyword.getParameter(Keyword.java:44)
	at com.mytravels.keyword.Keyword.getParameter(Keyword.java:44)
	at com.mytravels.keyword.Keyword.getParameter(Keyword.java:44)
	at com.mytravels.keyword.Keyword.getParameter(Keyword.java:44)
	at com.mytravels.keyword.Keyword.getParameter(Keyword.java:44)
	at com.mytravels.keyword.Keyword.getParameter(Keyword.java:44)
	at com.mytravels.keyword.Keyword.getParameter(Keyword.java:44)
	at com.mytravels.keyword.Keyword.getParameter(Keyword.java:44)
	at com.mytravels.keyword.Keyword.getParameter(Keyword.java:44)
	at com.mytravels.keyword.Keyword.getParameter(Keyword.java:44)
	at com.mytravels.keyword.Keyword.getParameter(Keyword.java:44)
	at com.mytravels.keyword.Keyword.getParameter(Keyword.java:44)
	at com.mytravels.keyword.Keyword.getParameter(Keyword.java:44)
	at com.mytravels.keyword.Keyword.getParameter(Keyword.java:44)
	at com.mytravels.keyword.Keyword.getParameter(Keyword.java:44)
	at com.mytravels.keyword.Keyword.getParameter(Keyword.java:44)
	at com.mytravels.keyword.Keyword.getParameter(Keyword.java:44)
	at com.mytravels.keyword.Keyword.getParameter(Keyword.java:44)
	at com.mytravels.keyword.Keyword.getParameter(Keyword.java:44)
	at com.mytravels.keyword.Keyword.getParameter(Keyword.java:44)
	at com.mytravels.keyword.Keyword.getParameter(Keyword.java:44)
	at com.mytravels.keyword.Keyword.getParameter(Keyword.java:44)
	at com.mytravels.keyword.Keyword.getParameter(Keyword.java:44)
	at com.mytravels.keyword.Keyword.getParameter(Keyword.java:44)
	at com.mytravels.keyword.Keyword.getParameter(Keyword.java:44)
	at com.mytravels.keyword.Keyword.getParameter(Keyword.java:44)
	at com.mytravels.keyword.Keyword.getParameter(Keyword.java:44)
	at com.mytravels.keyword.Keyword.getParameter(Keyword.java:44)
	at com.mytravels.keyword.Keyword.getParameter(Keyword.java:44)
	at com.mytravels.keyword.Keyword.getParameter(Keyword.java:44)
	at com.mytravels.keyword.Keyword.getParameter(Keyword.java:44)
	at com.mytravels.keyword.Keyword.getParameter(Keyword.java:44)
	at com.mytravels.keyword.Keyword.getParameter(Keyword.java:44)
	at com.mytravels.keyword.Keyword.getParameter(Keyword.java:44)
	at com.mytravels.keyword.Keyword.getParameter(Keyword.java:44)
	at com.mytravels.keyword.Keyword.getParameter(Keyword.java:44)
	at com.mytravels.keyword.Keyword.getParameter(Keyword.java:44)
	at com.mytravels.keyword.Keyword.getParameter(Keyword.java:44)
	at com.mytravels.keyword.Keyword.getParameter(Keyword.java:44)
	at com.mytravels.keyword.Keyword.getParameter(Keyword.java:44)
	at com.mytravels.keyword.Keyword.getParameter(Keyword.java:44)
	at com.mytravels.keyword.Keyword.getParameter(Keyword.java:44)
	at com.mytravels.keyword.Keyword.getParameter(Keyword.java:44)
	at com.mytravels.keyword.Keyword.getParameter(Keyword.java:44)
	at com.mytravels.keyword.Keyword.getParameter(Keyword.java:44)
	at com.mytravels.keyword.Keyword.getParameter(Keyword.java:44)
	at com.mytravels.keyword.Keyword.getParameter(Keyword.java:44)
	at com.mytravels.keyword.Keyword.getParameter(Keyword.java:44)
	at com.mytravels.keyword.Keyword.getParameter(Keyword.java:44)
	at com.mytravels.keyword.Keyword.getParameter(Keyword.java:44)
	at com.mytravels.keyword.Keyword.getParameter(Keyword.java:44)
	at com.mytravels.keyword.Keyword.getParameter(Keyword.java:44)
	at com.mytravels.keyword.Keyword.getParameter(Keyword.java:44)
	at com.mytravels.keyword.Keyword.getParameter(Keyword.java:44)
	at com.mytravels.keyword.Keyword.getParameter(Keyword.java:44)
	at com.mytravels.keyword.Keyword.getParameter(Keyword.java:44)
	at com.mytravels.keyword.Keyword.getParameter(Keyword.java:44)
	at com.mytravels.keyword.Keyword.getParameter(Keyword.java:44)
	at com.mytravels.keyword.Keyword.getParameter(Keyword.java:44)
	at com.mytravels.keyword.Keyword.getParameter(Keyword.java:44)
	at com.mytravels.keyword.Keyword.getParameter(Keyword.java:44)
	at com.mytravels.keyword.Keyword.getParameter(Keyword.java:44)
	at com.mytravels.keyword.Keyword.getParameter(Keyword.java:44)
	at com.mytravels.keyword.Keyword.getParameter(Keyword.java:44)
	at com.mytravels.keyword.Keyword.getParameter(Keyword.java:44)
	at com.mytravels.keyword.Keyword.getParameter(Keyword.java:44)
	at com.mytravels.keyword.Keyword.getParameter(Keyword.java:44)
	at com.mytravels.keyword.Keyword.getParameter(Keyword.java:44)
	at com.mytravels.keyword.Keyword.getParameter(Keyword.java:44)
	at com.mytravels.keyword.Keyword.getParameter(Keyword.java:44)
	at com.mytravels.keyword.Keyword.getParameter(Keyword.java:44)
	at com.mytravels.keyword.Keyword.getParameter(Keyword.java:44)
	at com.mytravels.keyword.Keyword.getParameter(Keyword.java:44)
	at com.mytravels.keyword.Keyword.getParameter(Keyword.java:44)
	at com.mytravels.keyword.Keyword.getParameter(Keyword.java:44)
	at com.mytravels.keyword.Keyword.getParameter(Keyword.java:44)
	at com.mytravels.keyword.Keyword.getParameter(Keyword.java:44)
	at com.mytravels.keyword.Keyword.getParameter(Keyword.java:44)
	at com.mytravels.keyword.Keyword.getParameter(Keyword.java:44)
	at com.mytravels.keyword.Keyword.getParameter(Keyword.java:44)
	at com.mytravels.keyword.Keyword.getParameter(Keyword.java:44)
	at com.mytravels.keyword.Keyword.getParameter(Keyword.java:44)
	at com.mytravels.keyword.Keyword.getParameter(Keyword.java:44)
	at com.mytravels.keyword.Keyword.getParameter(Keyword.java:44)
	at com.mytravels.keyword.Keyword.getParameter(Keyword.java:44)
	at com.mytravels.keyword.Keyword.getParameter(Keyword.java:44)
	at com.mytravels.keyword.Keyword.getParameter(Keyword.java:44)
	at com.mytravels.keyword.Keyword.getParameter(Keyword.java:44)
	at com.mytravels.keyword.Keyword.getParameter(Keyword.java:44)
	at com.mytravels.keyword.Keyword.getParameter(Keyword.java:44)
	at com.mytravels.keyword.Keyword.getParameter(Keyword.java:44)
	at com.mytravels.keyword.Keyword.getParameter(Keyword.java:44)
	at com.mytravels.keyword.Keyword.getParameter(Keyword.java:44)
	at com.mytravels.keyword.Keyword.getParameter(Keyword.java:44)
	at com.mytravels.keyword.Keyword.getParameter(Keyword.java:44)
	at com.mytravels.keyword.Keyword.getParameter(Keyword.java:44)
	at com.mytravels.keyword.Keyword.getParameter(Keyword.java:44)
	at com.mytravels.keyword.Keyword.getParameter(Keyword.java:44)
	at com.mytravels.keyword.Keyword.getParameter(Keyword.java:44)
	at com.mytravels.keyword.Keyword.getParameter(Keyword.java:44)
	at com.mytravels.keyword.Keyword.getParameter(Keyword.java:44)
	at com.mytravels.keyword.Keyword.getParameter(Keyword.java:44)
	at com.mytravels.keyword.Keyword.getParameter(Keyword.java:44)
	at com.mytravels.keyword.Keyword.getParameter(Keyword.java:44)
	at com.mytravels.keyword.Keyword.getParameter(Keyword.java:44)
	at com.mytravels.keyword.Keyword.getParameter(Keyword.java:44)
	at com.mytravels.keyword.Keyword.getParameter(Keyword.java:44)
	at com.mytravels.keyword.Keyword.getParameter(Keyword.java:44)
	at com.mytravels.keyword.Keyword.getParameter(Keyword.java:44)
	at com.mytravels.keyword.Keyword.getParameter(Keyword.java:44)
	at com.mytravels.keyword.Keyword.getParameter(Keyword.java:44)
	at com.mytravels.keyword.Keyword.getParameter(Keyword.java:44)
	at com.mytravels.keyword.Keyword.getParameter(Keyword.java:44)
	at com.mytravels.keyword.Keyword.getParameter(Keyword.java:44)
	at com.mytravels.keyword.Keyword.getParameter(Keyword.java:44)
	at com.mytravels.keyword.Keyword.getParameter(Keyword.java:44)
	at com.mytravels.keyword.Keyword.getParameter(Keyword.java:44)
	at com.mytravels.keyword.Keyword.getParameter(Keyword.java:44)
	at com.mytravels.keyword.Keyword.getParameter(Keyword.java:44)
	at com.mytravels.keyword.Keyword.getParameter(Keyword.java:44)
	at com.mytravels.keyword.Keyword.getParameter(Keyword.java:44)
	at com.mytravels.keyword.Keyword.getParameter(Keyword.java:44)
	at com.mytravels.keyword.Keyword.getParameter(Keyword.java:44)
	at com.mytravels.keyword.Keyword.getParameter(Keyword.java:44)
	at com.mytravels.keyword.Keyword.getParameter(Keyword.java:44)
	at com.mytravels.keyword.Keyword.getParameter(Keyword.java:44)
	at com.mytravels.keyword.Keyword.getParameter(Keyword.java:44)
	at com.mytravels.keyword.Keyword.getParameter(Keyword.java:44)
	at com.mytravels.keyword.Keyword.getParameter(Keyword.java:44)
	at com.mytravels.keyword.Keyword.getParameter(Keyword.java:44)
	at com.mytravels.keyword.Keyword.getParameter(Keyword.java:44)
	at com.mytravels.keyword.Keyword.getParameter(Keyword.java:44)
	at com.mytravels.keyword.Keyword.getParameter(Keyword.java:44)
	at com.mytravels.keyword.Keyword.getParameter(Keyword.java:44)
	at com.mytravels.keyword.Keyword.getParameter(Keyword.java:44)
	at com.mytravels.keyword.Keyword.getParameter(Keyword.java:44)
	at com.mytravels.keyword.Keyword.getParameter(Keyword.java:44)
	at com.mytravels.keyword.Keyword.getParameter(Keyword.java:44)
	at com.mytravels.keyword.Keyword.getParameter(Keyword.java:44)
	at com.mytravels.keyword.Keyword.getParameter(Keyword.java:44)
	at com.mytravels.keyword.Keyword.getParameter(Keyword.java:44)
	at com.mytravels.keyword.Keyword.getParameter(Keyword.java:44)
	at com.mytravels.keyword.Keyword.getParameter(Keyword.java:44)
	at com.mytravels.keyword.Keyword.getParameter(Keyword.java:44)
	at com.mytravels.keyword.Keyword.getParameter(Keyword.java:44)
	at com.mytravels.keyword.Keyword.getParameter(Keyword.java:44)
	at com.mytravels.keyword.Keyword.getParameter(Keyword.java:44)
	at com.mytravels.keyword.Keyword.getParameter(Keyword.java:44)
	at com.mytravels.keyword.Keyword.getParameter(Keyword.java:44)
	at com.mytravels.keyword.Keyword.getParameter(Keyword.java:44)
	at com.mytravels.keyword.Keyword.getParameter(Keyword.java:44)
	at com.mytravels.keyword.Keyword.getParameter(Keyword.java:44)
	at com.mytravels.keyword.Keyword.getParameter(Keyword.java:44)
	at com.mytravels.keyword.Keyword.getParameter(Keyword.java:44)
	at com.mytravels.keyword.Keyword.getParameter(Keyword.java:44)
	at com.mytravels.keyword.Keyword.getParameter(Keyword.java:44)
	at com.mytravels.keyword.Keyword.getParameter(Keyword.java:44)
	at com.mytravels.keyword.Keyword.getParameter(Keyword.java:44)
	at com.mytravels.keyword.Keyword.getParameter(Keyword.java:44)
	at com.mytravels.keyword.Keyword.getParameter(Keyword.java:44)
	at com.mytravels.keyword.Keyword.getParameter(Keyword.java:44)
	at com.mytravels.keyword.Keyword.getParameter(Keyword.java:44)
	at com.mytravels.keyword.Keyword.getParameter(Keyword.java:44)
	at com.mytravels.keyword.Keyword.getParameter(Keyword.java:44)
	at com.mytravels.keyword.Keyword.getParameter(Keyword.java:44)
	at com.mytravels.keyword.Keyword.getParameter(Keyword.java:44)
	at com.mytravels.keyword.Keyword.getParameter(Keyword.java:44)
	at com.mytravels.keyword.Keyword.getParameter(Keyword.java:44)
	at com.mytravels.keyword.Keyword.getParameter(Keyword.java:44)
	at com.mytravels.keyword.Keyword.getParameter(Keyword.java:44)
	at com.mytravels.keyword.Keyword.getParameter(Keyword.java:44)
	at com.mytravels.keyword.Keyword.getParameter(Keyword.java:44)
	at com.mytravels.keyword.Keyword.getParameter(Keyword.java:44)
	at com.mytravels.keyword.Keyword.getParameter(Keyword.java:44)
	at com.mytravels.keyword.Keyword.getParameter(Keyword.java:44)
	at com.mytravels.keyword.Keyword.getParameter(Keyword.java:44)
	at com.mytravels.keyword.Keyword.getParameter(Keyword.java:44)
	at com.mytravels.keyword.Keyword.getParameter(Keyword.java:44)
	at com.mytravels.keyword.Keyword.getParameter(Keyword.java:44)
	at com.mytravels.keyword.Keyword.getParameter(Keyword.java:44)
	at com.mytravels.keyword.Keyword.getParameter(Keyword.java:44)
	at com.mytravels.keyword.Keyword.getParameter(Keyword.java:44)
	at com.mytravels.keyword.Keyword.getParameter(Keyword.java:44)
	at com.mytravels.keyword.Keyword.getParameter(Keyword.java:44)
	at com.mytravels.keyword.Keyword.getParameter(Keyword.java:44)
	at com.mytravels.keyword.Keyword.getParameter(Keyword.java:44)
	at com.mytravels.keyword.Keyword.getParameter(Keyword.java:44)
	at com.mytravels.keyword.Keyword.getParameter(Keyword.java:44)
	at com.mytravels.keyword.Keyword.getParameter(Keyword.java:44)
	at com.mytravels.keyword.Keyword.getParameter(Keyword.java:44)
	at com.mytravels.keyword.Keyword.getParameter(Keyword.java:44)
	at com.mytravels.keyword.Keyword.getParameter(Keyword.java:44)
	at com.mytravels.keyword.Keyword.getParameter(Keyword.java:44)
	at com.mytravels.keyword.Keyword.getParameter(Keyword.java:44)
	at com.mytravels.keyword.Keyword.getParameter(Keyword.java:44)
	at com.mytravels.keyword.Keyword.getParameter(Keyword.java:44)
	at com.mytravels.keyword.Keyword.getParameter(Keyword.java:44)
	at com.mytravels.keyword.Keyword.getParameter(Keyword.java:44)
	at com.mytravels.keyword.Keyword.getParameter(Keyword.java:44)
	at com.mytravels.keyword.Keyword.getParameter(Keyword.java:44)
	at com.mytravels.keyword.Keyword.getParameter(Keyword.java:44)
	at com.mytravels.keyword.Keyword.getParameter(Keyword.java:44)
	at com.mytravels.keyword.Keyword.getParameter(Keyword.java:44)
	at com.mytravels.keyword.Keyword.getParameter(Keyword.java:44)
	at com.mytravels.keyword.Keyword.getParameter(Keyword.java:44)
	at com.mytravels.keyword.Keyword.getParameter(Keyword.java:44)
	at com.mytravels.keyword.Keyword.getParameter(Keyword.java:44)
	at com.mytravels.keyword.Keyword.getParameter(Keyword.java:44)
	at com.mytravels.keyword.Keyword.getParameter(Keyword.java:44)
	at com.mytravels.keyword.Keyword.getParameter(Keyword.java:44)
	at com.mytravels.keyword.Keyword.getParameter(Keyword.java:44)
	at com.mytravels.keyword.Keyword.getParameter(Keyword.java:44)
	at com.mytravels.keyword.Keyword.getParameter(Keyword.java:44)
	at com.mytravels.keyword.Keyword.getParameter(Keyword.java:44)
	at com.mytravels.keyword.Keyword.getParameter(Keyword.java:44)
	at com.mytravels.keyword.Keyword.getParameter(Keyword.java:44)
	at com.mytravels.keyword.Keyword.getParameter(Keyword.java:44)
	at com.mytravels.keyword.Keyword.getParameter(Keyword.java:44)
	at com.mytravels.keyword.Keyword.getParameter(Keyword.java:44)
	at com.mytravels.keyword.Keyword.getParameter(Keyword.java:44)
	at com.mytravels.keyword.Keyword.getParameter(Keyword.java:44)
	at com.mytravels.keyword.Keyword.getParameter(Keyword.java:44)
	at com.mytravels.keyword.Keyword.getParameter(Keyword.java:44)
	at com.mytravels.keyword.Keyword.getParameter(Keyword.java:44)
	at com.mytravels.keyword.Keyword.getParameter(Keyword.java:44)
	at com.mytravels.keyword.Keyword.getParameter(Keyword.java:44)
	at com.mytravels.keyword.Keyword.getParameter(Keyword.java:44)
	at com.mytravels.keyword.Keyword.getParameter(Keyword.java:44)
	at com.mytravels.keyword.Keyword.getParameter(Keyword.java:44)
	at com.mytravels.keyword.Keyword.getParameter(Keyword.java:44)
	at com.mytravels.keyword.Keyword.getParameter(Keyword.java:44)
	at com.mytravels.keyword.Keyword.getParameter(Keyword.java:44)
	at com.mytravels.keyword.Keyword.getParameter(Keyword.java:44)
	at com.mytravels.keyword.Keyword.getParameter(Keyword.java:44)
	at com.mytravels.keyword.Keyword.getParameter(Keyword.java:44)
	at com.mytravels.keyword.Keyword.getParameter(Keyword.java:44)
	at com.mytravels.keyword.Keyword.getParameter(Keyword.java:44)
	at com.mytravels.keyword.Keyword.getParameter(Keyword.java:44)
	at com.mytravels.keyword.Keyword.getParameter(Keyword.java:44)
	at com.mytravels.keyword.Keyword.getParameter(Keyword.java:44)
	at com.mytravels.keyword.Keyword.getParameter(Keyword.java:44)
	at com.mytravels.keyword.Keyword.getParameter(Keyword.java:44)
	at com.mytravels.keyword.Keyword.getParameter(Keyword.java:44)
	at com.mytravels.keyword.Keyword.getParameter(Keyword.java:44)
	at com.mytravels.keyword.Keyword.getParameter(Keyword.java:44)
	at com.mytravels.keyword.Keyword.getParameter(Keyword.java:44)
	at com.mytravels.keyword.Keyword.getParameter(Keyword.java:44)
	at com.mytravels.keyword.Keyword.getParameter(Keyword.java:44)
	at com.mytravels.keyword.Keyword.getParameter(Keyword.java:44)
	at com.mytravels.keyword.Keyword.getParameter(Keyword.java:44)
	at com.mytravels.keyword.Keyword.getParameter(Keyword.java:44)
	at com.mytravels.keyword.Keyword.getParameter(Keyword.java:44)
	at com.mytravels.keyword.Keyword.getParameter(Keyword.java:44)
	at com.mytravels.keyword.Keyword.getParameter(Keyword.java:44)
	at com.mytravels.keyword.Keyword.getParameter(Keyword.java:44)
	at com.mytravels.keyword.Keyword.getParameter(Keyword.java:44)
	at com.mytravels.keyword.Keyword.getParameter(Keyword.java:44)
	at com.mytravels.keyword.Keyword.getParameter(Keyword.java:44)
	at com.mytravels.keyword.Keyword.getParameter(Keyword.java:44)
	at com.mytravels.keyword.Keyword.getParameter(Keyword.java:44)
	at com.mytravels.keyword.Keyword.getParameter(Keyword.java:44)
	at com.mytravels.keyword.Keyword.getParameter(Keyword.java:44)
	at com.mytravels.keyword.Keyword.getParameter(Keyword.java:44)
	at com.mytravels.keyword.Keyword.getParameter(Keyword.java:44)
	at com.mytravels.keyword.Keyword.getParameter(Keyword.java:44)
	at com.mytravels.keyword.Keyword.getParameter(Keyword.java:44)
	at com.mytravels.keyword.Keyword.getParameter(Keyword.java:44)
	at com.mytravels.keyword.Keyword.getParameter(Keyword.java:44)
	at com.mytravels.keyword.Keyword.getParameter(Keyword.java:44)
	at com.mytravels.keyword.Keyword.getParameter(Keyword.java:44)
	at com.mytravels.keyword.Keyword.getParameter(Keyword.java:44)
	at com.mytravels.keyword.Keyword.getParameter(Keyword.java:44)
	at com.mytravels.keyword.Keyword.getParameter(Keyword.java:44)
	at com.mytravels.keyword.Keyword.getParameter(Keyword.java:44)
	at com.mytravels.keyword.Keyword.getParameter(Keyword.java:44)
	at com.mytravels.keyword.Keyword.getParameter(Keyword.java:44)
	at com.mytravels.keyword.Keyword.getParameter(Keyword.java:44)
	at com.mytravels.keyword.Keyword.getParameter(Keyword.java:44)
	at com.mytravels.keyword.Keyword.getParameter(Keyword.java:44)
	at com.mytravels.keyword.Keyword.getParameter(Keyword.java:44)
	at com.mytravels.keyword.Keyword.getParameter(Keyword.java:44)
	at com.mytravels.keyword.Keyword.getParameter(Keyword.java:44)
	at com.mytravels.keyword.Keyword.getParameter(Keyword.java:44)
	at com.mytravels.keyword.Keyword.getParameter(Keyword.java:44)
	at com.mytravels.keyword.Keyword.getParameter(Keyword.java:44)
	at com.mytravels.keyword.Keyword.getParameter(Keyword.java:44)
	at com.mytravels.keyword.Keyword.getParameter(Keyword.java:44)
	at com.mytravels.keyword.Keyword.getParameter(Keyword.java:44)
	at com.mytravels.keyword.Keyword.getParameter(Keyword.java:44)
	at com.mytravels.keyword.Keyword.getParameter(Keyword.java:44)
	at com.mytravels.keyword.Keyword.getParameter(Keyword.java:44)
	at com.mytravels.keyword.Keyword.getParameter(Keyword.java:44)
	at com.mytravels.keyword.Keyword.getParameter(Keyword.java:44)
	at com.mytravels.keyword.Keyword.getParameter(Keyword.java:44)
	at com.mytravels.keyword.Keyword.getParameter(Keyword.java:44)
	at com.mytravels.keyword.Keyword.getParameter(Keyword.java:44)
	at com.mytravels.keyword.Keyword.getParameter(Keyword.java:44)
	at com.mytravels.keyword.Keyword.getParameter(Keyword.java:44)
	at com.mytravels.keyword.Keyword.getParameter(Keyword.java:44)
	at com.mytravels.keyword.Keyword.getParameter(Keyword.java:44)
	at com.mytravels.keyword.Keyword.getParameter(Keyword.java:44)
	at com.mytravels.keyword.Keyword.getParameter(Keyword.java:44)
	at com.mytravels.keyword.Keyword.getParameter(Keyword.java:44)
	at com.mytravels.keyword.Keyword.getParameter(Keyword.java:44)
	at com.mytravels.keyword.Keyword.getParameter(Keyword.java:44)
	at com.mytravels.keyword.Keyword.getParameter(Keyword.java:44)
	at com.mytravels.keyword.Keyword.getParameter(Keyword.java:44)
	at com.mytravels.keyword.Keyword.getParameter(Keyword.java:44)
	at com.mytravels.keyword.Keyword.getParameter(Keyword.java:44)
	at com.mytravels.keyword.Keyword.getParameter(Keyword.java:44)
	at com.mytravels.keyword.Keyword.getParameter(Keyword.java:44)
	at com.mytravels.keyword.Keyword.getParameter(Keyword.java:44)
	at com.mytravels.keyword.Keyword.getParameter(Keyword.java:44)
	at com.mytravels.keyword.Keyword.getParameter(Keyword.java:44)
	at com.mytravels.keyword.Keyword.getParameter(Keyword.java:44)
	at com.mytravels.keyword.Keyword.getParameter(Keyword.java:44)
	at com.mytravels.keyword.Keyword.getParameter(Keyword.java:44)
	at com.mytravels.keyword.Keyword.getParameter(Keyword.java:44)
	at com.mytravels.keyword.Keyword.getParameter(Keyword.java:44)
	at com.mytravels.keyword.Keyword.getParameter(Keyword.java:44)
	at com.mytravels.keyword.Keyword.getParameter(Keyword.java:44)
	at com.mytravels.keyword.Keyword.getParameter(Keyword.java:44)
	at com.mytravels.keyword.Keyword.getParameter(Keyword.java:44)
	at com.mytravels.keyword.Keyword.getParameter(Keyword.java:44)
	at com.mytravels.keyword.Keyword.getParameter(Keyword.java:44)
	at com.mytravels.keyword.Keyword.getParameter(Keyword.java:44)
	at com.mytravels.keyword.Keyword.getParameter(Keyword.java:44)
	at com.mytravels.keyword.Keyword.getParameter(Keyword.java:44)
	at com.mytravels.keyword.Keyword.getParameter(Keyword.java:44)
	at com.mytravels.keyword.Keyword.getParameter(Keyword.java:44)
	at com.mytravels.keyword.Keyword.getParameter(Keyword.java:44)
	at com.mytravels.keyword.Keyword.getParameter(Keyword.java:44)
	at com.mytravels.keyword.Keyword.getParameter(Keyword.java:44)
	at com.mytravels.keyword.Keyword.getParameter(Keyword.java:44)
	at com.mytravels.keyword.Keyword.getParameter(Keyword.java:44)
	at com.mytravels.keyword.Keyword.getParameter(Keyword.java:44)
	at com.mytravels.keyword.Keyword.getParameter(Keyword.java:44)
	at com.mytravels.keyword.Keyword.getParameter(Keyword.java:44)
	at com.mytravels.keyword.Keyword.getParameter(Keyword.java:44)
	at com.mytravels.keyword.Keyword.getParameter(Keyword.java:44)
	at com.mytravels.keyword.Keyword.getParameter(Keyword.java:44)
	at com.mytravels.keyword.Keyword.getParameter(Keyword.java:44)
	at com.mytravels.keyword.Keyword.getParameter(Keyword.java:44)
	at com.mytravels.keyword.Keyword.getParameter(Keyword.java:44)
	at com.mytravels.keyword.Keyword.getParameter(Keyword.java:44)
	at com.mytravels.keyword.Keyword.getParameter(Keyword.java:44)
	at com.mytravels.keyword.Keyword.getParameter(Keyword.java:44)
	at com.mytravels.keyword.Keyword.getParameter(Keyword.java:44)
	at com.mytravels.keyword.Keyword.getParameter(Keyword.java:44)
	at com.mytravels.keyword.Keyword.getParameter(Keyword.java:44)
	at com.mytravels.keyword.Keyword.getParameter(Keyword.java:44)
	at com.mytravels.keyword.Keyword.getParameter(Keyword.java:44)
	at com.mytravels.keyword.Keyword.getParameter(Keyword.java:44)
	at com.mytravels.keyword.Keyword.getParameter(Keyword.java:44)
	at com.mytravels.keyword.Keyword.getParameter(Keyword.java:44)
	at com.mytravels.keyword.Keyword.getParameter(Keyword.java:44)
	at com.mytravels.keyword.Keyword.getParameter(Keyword.java:44)
	at com.mytravels.keyword.Keyword.getParameter(Keyword.java:44)
	at com.mytravels.keyword.Keyword.getParameter(Keyword.java:44)
	at com.mytravels.keyword.Keyword.getParameter(Keyword.java:44)
	at com.mytravels.keyword.Keyword.getParameter(Keyword.java:44)
	at com.mytravels.keyword.Keyword.getParameter(Keyword.java:44)
	at com.mytravels.keyword.Keyword.getParameter(Keyword.java:44)
	at com.mytravels.keyword.Keyword.getParameter(Keyword.java:44)
	at com.mytravels.keyword.Keyword.getParameter(Keyword.java:44)
	at com.mytravels.keyword.Keyword.getParameter(Keyword.java:44)
	at com.mytravels.keyword.Keyword.getParameter(Keyword.java:44)
	at com.mytravels.keyword.Keyword.getParameter(Keyword.java:44)
	at com.mytravels.keyword.Keyword.getParameter(Keyword.java:44)
	at com.mytravels.keyword.Keyword.getParameter(Keyword.java:44)
	at com.mytravels.keyword.Keyword.getParameter(Keyword.java:44)
	at com.mytravels.keyword.Keyword.getParameter(Keyword.java:44)
	at com.mytravels.keyword.Keyword.getParameter(Keyword.java:44)
	at com.mytravels.keyword.Keyword.getParameter(Keyword.java:44)
	at com.mytravels.keyword.Keyword.getParameter(Keyword.java:44)
	at com.mytravels.keyword.Keyword.getParameter(Keyword.java:44)
	at com.mytravels.keyword.Keyword.getParameter(Keyword.java:44)
	at com.mytravels.keyword.Keyword.getParameter(Keyword.java:44)
	at com.mytravels.keyword.Keyword.getParameter(Keyword.java:44)
	at com.mytravels.keyword.Keyword.getParameter(Keyword.java:44)
	at com.mytravels.keyword.Keyword.getParameter(Keyword.java:44)
	at com.mytravels.keyword.Keyword.getParameter(Keyword.java:44)
	at com.mytravels.keyword.Keyword.getParameter(Keyword.java:44)
	at com.mytravels.keyword.Keyword.getParameter(Keyword.java:44)
	at com.mytravels.keyword.Keyword.getParameter(Keyword.java:44)
	at com.mytravels.keyword.Keyword.getParameter(Keyword.java:44)
	at com.mytravels.keyword.Keyword.getParameter(Keyword.java:44)
	at com.mytravels.keyword.Keyword.getParameter(Keyword.java:44)
	at com.mytravels.keyword.Keyword.getParameter(Keyword.java:44)
	at com.mytravels.keyword.Keyword.getParameter(Keyword.java:44)
	at com.mytravels.keyword.Keyword.getParameter(Keyword.java:44)
	at com.mytravels.keyword.Keyword.getParameter(Keyword.java:44)
	at com.mytravels.keyword.Keyword.getParameter(Keyword.java:44)
	at com.mytravels.keyword.Keyword.getParameter(Keyword.java:44)
	at com.mytravels.keyword.Keyword.getParameter(Keyword.java:44)
	at com.mytravels.keyword.Keyword.getParameter(Keyword.java:44)
	at com.mytravels.keyword.Keyword.getParameter(Keyword.java:44)
	at com.mytravels.keyword.Keyword.getParameter(Keyword.java:44)
	at com.mytravels.keyword.Keyword.getParameter(Keyword.java:44)
	at com.mytravels.keyword.Keyword.getParameter(Keyword.java:44)
	at com.mytravels.keyword.Keyword.getParameter(Keyword.java:44)
	at com.mytravels.keyword.Keyword.getParameter(Keyword.java:44)
	at com.mytravels.keyword.Keyword.getParameter(Keyword.java:44)
	at com.mytravels.keyword.Keyword.getParameter(Keyword.java:44)
	at com.mytravels.keyword.Keyword.getParameter(Keyword.java:44)
	at com.mytravels.keyword.Keyword.getParameter(Keyword.java:44)
	at com.mytravels.keyword.Keyword.getParameter(Keyword.java:44)
	at com.mytravels.keyword.Keyword.getParameter(Keyword.java:44)
	at com.mytravels.keyword.Keyword.getParameter(Keyword.java:44)
	at com.mytravels.keyword.Keyword.getParameter(Keyword.java:44)
	at com.mytravels.keyword.Keyword.getParameter(Keyword.java:44)
	at com.mytravels.keyword.Keyword.getParameter(Keyword.java:44)
	at com.mytravels.keyword.Keyword.getParameter(Keyword.java:44)
	at com.mytravels.keyword.Keyword.getParameter(Keyword.java:44)
	at com.mytravels.keyword.Keyword.getParameter(Keyword.java:44)
	at com.mytravels.keyword.Keyword.getParameter(Keyword.java:44)
	at com.mytravels.keyword.Keyword.getParameter(Keyword.java:44)
	at com.mytravels.keyword.Keyword.getParameter(Keyword.java:44)
	at com.mytravels.keyword.Keyword.getParameter(Keyword.java:44)
	at com.mytravels.keyword.Keyword.getParameter(Keyword.java:44)
	at com.mytravels.keyword.Keyword.getParameter(Keyword.java:44)
	at com.mytravels.keyword.Keyword.getParameter(Keyword.java:44)
	at com.mytravels.keyword.Keyword.getParameter(Keyword.java:44)
	at com.mytravels.keyword.Keyword.getParameter(Keyword.java:44)
	at com.mytravels.keyword.Keyword.getParameter(Keyword.java:44)
	at com.mytravels.keyword.Keyword.getParameter(Keyword.java:44)
	at com.mytravels.keyword.Keyword.getParameter(Keyword.java:44)
	at com.mytravels.keyword.Keyword.getParameter(Keyword.java:44)
	at com.mytravels.keyword.Keyword.getParameter(Keyword.java:44)
	at com.mytravels.keyword.Keyword.getParameter(Keyword.java:44)
	at com.mytravels.keyword.Keyword.getParameter(Keyword.java:44)
	at com.mytravels.keyword.Keyword.getParameter(Keyword.java:44)
	at com.mytravels.keyword.Keyword.getParameter(Keyword.java:44)
	at com.mytravels.keyword.Keyword.getParameter(Keyword.java:44)
	at com.mytravels.keyword.Keyword.getParameter(Keyword.java:44)
	at com.mytravels.keyword.Keyword.getParameter(Keyword.java:44)
	at com.mytravels.keyword.Keyword.getParameter(Keyword.java:44)
	at com.mytravels.keyword.Keyword.getParameter(Keyword.java:44)
	at com.mytravels.keyword.Keyword.getParameter(Keyword.java:44)
	at com.mytravels.keyword.Keyword.getParameter(Keyword.java:44)
	at com.mytravels.keyword.Keyword.getParameter(Keyword.java:44)
	at com.mytravels.keyword.Keyword.getParameter(Keyword.java:44)
	at com.mytravels.keyword.Keyword.getParameter(Keyword.java:44)
	at com.mytravels.keyword.Keyword.getParameter(Keyword.java:44)
	at com.mytravels.keyword.Keyword.getParameter(Keyword.java:44)
	at com.mytravels.keyword.Keyword.getParameter(Keyword.java:44)
	at com.mytravels.keyword.Keyword.getParameter(Keyword.java:44)
	at com.mytravels.keyword.Keyword.getParameter(Keyword.java:44)
	at com.mytravels.keyword.Keyword.getParameter(Keyword.java:44)
	at com.mytravels.keyword.Keyword.getParameter(Keyword.java:44)
	at com.mytravels.keyword.Keyword.getParameter(Keyword.java:44)
	at com.mytravels.keyword.Keyword.getParameter(Keyword.java:44)
	at com.mytravels.keyword.Keyword.getParameter(Keyword.java:44)
	at com.mytravels.keyword.Keyword.getParameter(Keyword.java:44)
	at com.mytravels.keyword.Keyword.getParameter(Keyword.java:44)
	at com.mytravels.keyword.Keyword.getParameter(Keyword.java:44)
	at com.mytravels.keyword.Keyword.getParameter(Keyword.java:44)
	at com.mytravels.keyword.Keyword.getParameter(Keyword.java:44)
	at com.mytravels.keyword.Keyword.getParameter(Keyword.java:44)
	at com.mytravels.keyword.Keyword.getParameter(Keyword.java:44)
	at com.mytravels.keyword.Keyword.getParameter(Keyword.java:44)
	at com.mytravels.keyword.Keyword.getParameter(Keyword.java:44)
	at com.mytravels.keyword.Keyword.getParameter(Keyword.java:44)
	at com.mytravels.keyword.Keyword.getParameter(Keyword.java:44)
	at com.mytravels.keyword.Keyword.getParameter(Keyword.java:44)
	at com.mytravels.keyword.Keyword.getParameter(Keyword.java:44)
	at com.mytravels.keyword.Keyword.getParameter(Keyword.java:44)
	at com.mytravels.keyword.Keyword.getParameter(Keyword.java:44)
	at com.mytravels.keyword.Keyword.getParameter(Keyword.java:44)
	at com.mytravels.keyword.Keyword.getParameter(Keyword.java:44)
	at com.mytravels.keyword.Keyword.getParameter(Keyword.java:44)
	at com.mytravels.keyword.Keyword.getParameter(Keyword.java:44)
	at com.mytravels.keyword.Keyword.getParameter(Keyword.java:44)
	at com.mytravels.keyword.Keyword.getParameter(Keyword.java:44)
	at com.mytravels.keyword.Keyword.getParameter(Keyword.java:44)
	at com.mytravels.keyword.Keyword.getParameter(Keyword.java:44)
	at com.mytravels.keyword.Keyword.getParameter(Keyword.java:44)
	at com.mytravels.keyword.Keyword.getParameter(Keyword.java:44)
	at com.mytravels.keyword.Keyword.getParameter(Keyword.java:44)
	at com.mytravels.keyword.Keyword.getParameter(Keyword.java:44)
	at com.mytravels.keyword.Keyword.getParameter(Keyword.java:44)
	at com.mytravels.keyword.Keyword.getParameter(Keyword.java:44)
	at com.mytravels.keyword.Keyword.getParameter(Keyword.java:44)
	at com.mytravels.keyword.Keyword.getParameter(Keyword.java:44)
	at com.mytravels.keyword.Keyword.getParameter(Keyword.java:44)
	at com.mytravels.keyword.Keyword.getParameter(Keyword.java:44)
	at com.mytravels.keyword.Keyword.getParameter(Keyword.java:44)
	at com.mytravels.keyword.Keyword.getParameter(Keyword.java:44)
	at com.mytravels.keyword.Keyword.getParameter(Keyword.java:44)
	at com.mytravels.keyword.Keyword.getParameter(Keyword.java:44)
	at com.mytravels.keyword.Keyword.getParameter(Keyword.java:44)
	at com.mytravels.keyword.Keyword.getParameter(Keyword.java:44)
	at com.mytravels.keyword.Keyword.getParameter(Keyword.java:44)
	at com.mytravels.keyword.Keyword.getParameter(Keyword.java:44)
	at com.mytravels.keyword.Keyword.getParameter(Keyword.java:44)
	at com.mytravels.keyword.Keyword.getParameter(Keyword.java:44)
	at com.mytravels.keyword.Keyword.getParameter(Keyword.java:44)
	at com.mytravels.keyword.Keyword.getParameter(Keyword.java:44)
	at com.mytravels.keyword.Keyword.getParameter(Keyword.java:44)
	at com.mytravels.keyword.Keyword.getParameter(Keyword.java:44)
	at com.mytravels.keyword.Keyword.getParameter(Keyword.java:44)
	at com.mytravels.keyword.Keyword.getParameter(Keyword.java:44)
	at com.mytravels.keyword.Keyword.getParameter(Keyword.java:44)
	at com.mytravels.keyword.Keyword.getParameter(Keyword.java:44)
	at com.mytravels.keyword.Keyword.getParameter(Keyword.java:44)
	at com.mytravels.keyword.Keyword.getParameter(Keyword.java:44)
	at com.mytravels.keyword.Keyword.getParameter(Keyword.java:44)
	at com.mytravels.keyword.Keyword.getParameter(Keyword.java:44)
	at com.mytravels.keyword.Keyword.getParameter(Keyword.java:44)
	at com.mytravels.keyword.Keyword.getParameter(Keyword.java:44)
	at com.mytravels.keyword.Keyword.getParameter(Keyword.java:44)
	at com.mytravels.keyword.Keyword.getParameter(Keyword.java:44)
	at com.mytravels.keyword.Keyword.getParameter(Keyword.java:44)
	at com.mytravels.keyword.Keyword.getParameter(Keyword.java:44)
	at com.mytravels.keyword.Keyword.getParameter(Keyword.java:44)
	at com.mytravels.keyword.Keyword.getParameter(Keyword.java:44)
	at com.mytravels.keyword.Keyword.getParameter(Keyword.java:44)
	at com.mytravels.keyword.Keyword.getParameter(Keyword.java:44)
	at com.mytravels.keyword.Keyword.getParameter(Keyword.java:44)
	at com.mytravels.keyword.Keyword.getParameter(Keyword.java:44)
	at com.mytravels.keyword.Keyword.getParameter(Keyword.java:44)
	at com.mytravels.keyword.Keyword.getParameter(Keyword.java:44)
	at com.mytravels.keyword.Keyword.getParameter(Keyword.java:44)
	at com.mytravels.keyword.Keyword.getParameter(Keyword.java:44)
	at com.mytravels.keyword.Keyword.getParameter(Keyword.java:44)
	at com.mytravels.keyword.Keyword.getParameter(Keyword.java:44)
	at com.mytravels.keyword.Keyword.getParameter(Keyword.java:44)
	at com.mytravels.keyword.Keyword.getParameter(Keyword.java:44)
	at com.mytravels.keyword.Keyword.getParameter(Keyword.java:44)
	at com.mytravels.keyword.Keyword.getParameter(Keyword.java:44)
	at com.mytravels.keyword.Keyword.getParameter(Keyword.java:44)
	at com.mytravels.keyword.Keyword.getParameter(Keyword.java:44)
	at com.mytravels.keyword.Keyword.getParameter(Keyword.java:44)
	at com.mytravels.keyword.Keyword.getParameter(Keyword.java:44)
	at com.mytravels.keyword.Keyword.getParameter(Keyword.java:44)
	at com.mytravels.keyword.Keyword.getParameter(Keyword.java:44)
	at com.mytravels.keyword.Keyword.getParameter(Keyword.java:44)
	at com.mytravels.keyword.Keyword.getParameter(Keyword.java:44)
	at com.mytravels.keyword.Keyword.getParameter(Keyword.java:44)
	at com.mytravels.keyword.Keyword.getParameter(Keyword.java:44)
	at com.mytravels.keyword.Keyword.getParameter(Keyword.java:44)
	at com.mytravels.keyword.Keyword.getParameter(Keyword.java:44)
	at com.mytravels.keyword.Keyword.getParameter(Keyword.java:44)
	at com.mytravels.keyword.Keyword.getParameter(Keyword.java:44)
	at com.mytravels.keyword.Keyword.getParameter(Keyword.java:44)
	at com.mytravels.keyword.Keyword.getParameter(Keyword.java:44)
	at com.mytravels.keyword.Keyword.getParameter(Keyword.java:44)
	at com.mytravels.keyword.Keyword.getParameter(Keyword.java:44)
	at com.mytravels.keyword.Keyword.getParameter(Keyword.java:44)
	at com.mytravels.keyword.Keyword.getParameter(Keyword.java:44)
	at com.mytravels.keyword.Keyword.getParameter(Keyword.java:44)
	at com.mytravels.keyword.Keyword.getParameter(Keyword.java:44)
	at com.mytravels.keyword.Keyword.getParameter(Keyword.java:44)
	at com.mytravels.keyword.Keyword.getParameter(Keyword.java:44)
	at com.mytravels.keyword.Keyword.getParameter(Keyword.java:44)
	at com.mytravels.keyword.Keyword.getParameter(Keyword.java:44)
	at com.mytravels.keyword.Keyword.getParameter(Keyword.java:44)
	at com.mytravels.keyword.Keyword.getParameter(Keyword.java:44)
	at com.mytravels.keyword.Keyword.getParameter(Keyword.java:44)
	at com.mytravels.keyword.Keyword.getParameter(Keyword.java:44)
	at com.mytravels.keyword.Keyword.getParameter(Keyword.java:44)
	at com.mytravels.keyword.Keyword.getParameter(Keyword.java:44)
	at com.mytravels.keyword.Keyword.getParameter(Keyword.java:44)
	at com.mytravels.keyword.Keyword.getParameter(Keyword.java:44)
	at com.mytravels.keyword.Keyword.getParameter(Keyword.java:44)
	at com.mytravels.keyword.Keyword.getParameter(Keyword.java:44)
	at com.mytravels.keyword.Keyword.getParameter(Keyword.java:44)
	at com.mytravels.keyword.Keyword.getParameter(Keyword.java:44)
	at com.mytravels.keyword.Keyword.getParameter(Keyword.java:44)
	at com.mytravels.keyword.Keyword.getParameter(Keyword.java:44)
	at com.mytravels.keyword.Keyword.getParameter(Keyword.java:44)
	at com.mytravels.keyword.Keyword.getParameter(Keyword.java:44)
	at com.mytravels.keyword.Keyword.getParameter(Keyword.java:44)
	at com.mytravels.keyword.Keyword.getParameter(Keyword.java:44)
	at com.mytravels.keyword.Keyword.getParameter(Keyword.java:44)
	at com.mytravels.keyword.Keyword.getParameter(Keyword.java:44)
	at com.mytravels.keyword.Keyword.getParameter(Keyword.java:44)
	at com.mytravels.keyword.Keyword.getParameter(Keyword.java:44)
	at com.mytravels.keyword.Keyword.getParameter(Keyword.java:44)
	at com.mytravels.keyword.Keyword.getParameter(Keyword.java:44)
	at com.mytravels.keyword.Keyword.getParameter(Keyword.java:44)
	at com.mytravels.keyword.Keyword.getParameter(Keyword.java:44)
	at com.mytravels.keyword.Keyword.getParameter(Keyword.java:44)
	at com.mytravels.keyword.Keyword.getParameter(Keyword.java:44)
	at com.mytravels.keyword.Keyword.getParameter(Keyword.java:44)
	at com.mytravels.keyword.Keyword.getParameter(Keyword.java:44)
	at com.mytravels.keyword.Keyword.getParameter(Keyword.java:44)
	at com.mytravels.keyword.Keyword.getParameter(Keyword.java:44)
	at com.mytravels.keyword.Keyword.getParameter(Keyword.java:44)
	at com.mytravels.keyword.Keyword.getParameter(Keyword.java:44)
	at com.mytravels.keyword.Keyword.getParameter(Keyword.java:44)
	at com.mytravels.keyword.Keyword.getParameter(Keyword.java:44)
	at com.mytravels.keyword.Keyword.getParameter(Keyword.java:44)
	at com.mytravels.keyword.Keyword.getParameter(Keyword.java:44)
	at com.mytravels.keyword.Keyword.getParameter(Keyword.java:44)
	at com.mytravels.keyword.Keyword.getParameter(Keyword.java:44)
	at com.mytravels.keyword.Keyword.getParameter(Keyword.java:44)
	at com.mytravels.keyword.Keyword.getParameter(Keyword.java:44)
	at com.mytravels.keyword.Keyword.getParameter(Keyword.java:44)
	at com.mytravels.keyword.Keyword.getParameter(Keyword.java:44)
	at com.mytravels.keyword.Keyword.getParameter(Keyword.java:44)
	at com.mytravels.keyword.Keyword.getParameter(Keyword.java:44)
	at com.mytravels.keyword.Keyword.getParameter(Keyword.java:44)
	at com.mytravels.keyword.Keyword.getParameter(Keyword.java:44)
	at com.mytravels.keyword.Keyword.getParameter(Keyword.java:44)
	at com.mytravels.keyword.Keyword.getParameter(Keyword.java:44)
	at com.mytravels.keyword.Keyword.getParameter(Keyword.java:44)
	at com.mytravels.keyword.Keyword.getParameter(Keyword.java:44)
	at com.mytravels.keyword.Keyword.getParameter(Keyword.java:44)
	at com.mytravels.keyword.Keyword.getParameter(Keyword.java:44)
	at com.mytravels.keyword.Keyword.getParameter(Keyword.java:44)
	at com.mytravels.keyword.Keyword.getParameter(Keyword.java:44)
	at com.mytravels.keyword.Keyword.getParameter(Keyword.java:44)
	at com.mytravels.keyword.Keyword.getParameter(Keyword.java:44)
	at com.mytravels.keyword.Keyword.getParameter(Keyword.java:44)
	at com.mytravels.keyword.Keyword.getParameter(Keyword.java:44)
	at com.mytravels.keyword.Keyword.getParameter(Keyword.java:44)
	at com.mytravels.keyword.Keyword.getParameter(Keyword.java:44)
	at com.mytravels.keyword.Keyword.getParameter(Keyword.java:44)
	at com.mytravels.keyword.Keyword.getParameter(Keyword.java:44)
	at com.mytravels.keyword.Keyword.getParameter(Keyword.java:44)
	at com.mytravels.keyword.Keyword.getParameter(Keyword.java:44)
	at com.mytravels.keyword.Keyword.getParameter(Keyword.java:44)
	at com.mytravels.keyword.Keyword.getParameter(Keyword.java:44)
	at com.mytravels.keyword.Keyword.getParameter(Keyword.java:44)
	at com.mytravels.keyword.Keyword.getParameter(Keyword.java:44)
	at com.mytravels.keyword.Keyword.getParameter(Keyword.java:44)
	at com.mytravels.keyword.Keyword.getParameter(Keyword.java:44)
	at com.mytravels.keyword.Keyword.getParameter(Keyword.java:44)
	at com.mytravels.keyword.Keyword.getParameter(Keyword.java:44)
	at com.mytravels.keyword.Keyword.getParameter(Keyword.java:44)
	at com.mytravels.keyword.Keyword.getParameter(Keyword.java:44)
	at com.mytravels.keyword.Keyword.getParameter(Keyword.java:44)
	at com.mytravels.keyword.Keyword.getParameter(Keyword.java:44)
	at com.mytravels.keyword.Keyword.getParameter(Keyword.java:44)
	at com.mytravels.keyword.Keyword.getParameter(Keyword.java:44)
	at com.mytravels.keyword.Keyword.getParameter(Keyword.java:44)
	at com.mytravels.keyword.Keyword.getParameter(Keyword.java:44)
	at com.mytravels.keyword.Keyword.getParameter(Keyword.java:44)
	at com.mytravels.keyword.Keyword.getParameter(Keyword.java:44)
	at com.mytravels.keyword.Keyword.getParameter(Keyword.java:44)
	at com.mytravels.keyword.Keyword.getParameter(Keyword.java:44)
	at com.mytravels.keyword.Keyword.getParameter(Keyword.java:44)
	at com.mytravels.keyword.Keyword.getParameter(Keyword.java:44)
	at com.mytravels.keyword.Keyword.getParameter(Keyword.java:44)
	at com.mytravels.keyword.Keyword.getParameter(Keyword.java:44)
	at com.mytravels.keyword.Keyword.getParameter(Keyword.java:44)
	at com.mytravels.keyword.Keyword.getParameter(Keyword.java:44)
	at com.mytravels.keyword.Keyword.getParameter(Keyword.java:44)
	at com.mytravels.keyword.Keyword.getParameter(Keyword.java:44)
	at com.mytravels.keyword.Keyword.getParameter(Keyword.java:44)
	at com.mytravels.keyword.Keyword.getParameter(Keyword.java:44)
	at com.mytravels.keyword.Keyword.getParameter(Keyword.java:44)
	at com.mytravels.keyword.Keyword.getParameter(Keyword.java:44)
	at com.mytravels.keyword.Keyword.getParameter(Keyword.java:44)
	at com.mytravels.keyword.Keyword.getParameter(Keyword.java:44)
	at com.mytravels.keyword.Keyword.getParameter(Keyword.java:44)
	at com.mytravels.keyword.Keyword.getParameter(Keyword.java:44)
	at com.mytravels.keyword.Keyword.getParameter(Keyword.java:44)
	at com.mytravels.keyword.Keyword.getParameter(Keyword.java:44)
	at com.mytravels.keyword.Keyword.getParameter(Keyword.java:44)
	at com.mytravels.keyword.Keyword.getParameter(Keyword.java:44)
	at com.mytravels.keyword.Keyword.getParameter(Keyword.java:44)
	at com.mytravels.keyword.Keyword.getParameter(Keyword.java:44)
	at com.mytravels.keyword.Keyword.getParameter(Keyword.java:44)
	at com.mytravels.keyword.Keyword.getParameter(Keyword.java:44)
	at com.mytravels.keyword.Keyword.getParameter(Keyword.java:44)
	at com.mytravels.keyword.Keyword.getParameter(Keyword.java:44)
	at com.mytravels.keyword.Keyword.getParameter(Keyword.java:44)
	at com.mytravels.keyword.Keyword.getParameter(Keyword.java:44)
	at com.mytravels.keyword.Keyword.getParameter(Keyword.java:44)
	at com.mytravels.keyword.Keyword.getParameter(Keyword.java:44)
	at com.mytravels.keyword.Keyword.getParameter(Keyword.java:44)
	at com.mytravels.keyword.Keyword.getParameter(Keyword.java:44)
	at com.mytravels.keyword.Keyword.getParameter(Keyword.java:44)
	at com.mytravels.keyword.Keyword.getParameter(Keyword.java:44)
	at com.mytravels.keyword.Keyword.getParameter(Keyword.java:44)
	at com.mytravels.keyword.Keyword.getParameter(Keyword.java:44)
	at com.mytravels.keyword.Keyword.getParameter(Keyword.java:44)
	at com.mytravels.keyword.Keyword.getParameter(Keyword.java:44)
	at com.mytravels.keyword.Keyword.getParameter(Keyword.java:44)
	at com.mytravels.keyword.Keyword.getParameter(Keyword.java:44)
	at com.mytravels.keyword.Keyword.getParameter(Keyword.java:44)
	at com.mytravels.keyword.Keyword.getParameter(Keyword.java:44)
	at com.mytravels.keyword.Keyword.getParameter(Keyword.java:44)
	at com.mytravels.keyword.Keyword.getParameter(Keyword.java:44)
	at com.mytravels.keyword.Keyword.getParameter(Keyword.java:44)
	at com.mytravels.keyword.Keyword.getParameter(Keyword.java:44)
	at com.mytravels.keyword.Keyword.getParameter(Keyword.java:44)
	at com.mytravels.keyword.Keyword.getParameter(Keyword.java:44)
	at com.mytravels.keyword.Keyword.getParameter(Keyword.java:44)
	at com.mytravels.keyword.Keyword.getParameter(Keyword.java:44)
	at com.mytravels.keyword.Keyword.getParameter(Keyword.java:44)
	at com.mytravels.keyword.Keyword.getParameter(Keyword.java:44)
	at com.mytravels.keyword.Keyword.getParameter(Keyword.java:44)
	at com.mytravels.keyword.Keyword.getParameter(Keyword.java:44)
	at com.mytravels.keyword.Keyword.getParameter(Keyword.java:44)
	at com.mytravels.keyword.Keyword.getParameter(Keyword.java:44)
	at com.mytravels.keyword.Keyword.getParameter(Keyword.java:44)
	at com.mytravels.keyword.Keyword.getParameter(Keyword.java:44)
	at com.mytravels.keyword.Keyword.getParameter(Keyword.java:44)
	at com.mytravels.keyword.Keyword.getParameter(Keyword.java:44)
	at com.mytravels.keyword.Keyword.getParameter(Keyword.java:44)
	at com.mytravels.keyword.Keyword.getParameter(Keyword.java:44)
	at com.mytravels.keyword.Keyword.getParameter(Keyword.java:44)
	at com.mytravels.keyword.Keyword.getParameter(Keyword.java:44)
	at com.mytravels.keyword.Keyword.getParameter(Keyword.java:44)
	at com.mytravels.keyword.Keyword.getParameter(Keyword.java:44)
	at com.mytravels.keyword.Keyword.getParameter(Keyword.java:44)
	at com.mytravels.keyword.Keyword.getParameter(Keyword.java:44)
	at com.mytravels.keyword.Keyword.getParameter(Keyword.java:44)
	at com.mytravels.keyword.Keyword.getParameter(Keyword.java:44)
	at com.mytravels.keyword.Keyword.getParameter(Keyword.java:44)
	at com.mytravels.keyword.Keyword.getParameter(Keyword.java:44)
	at com.mytravels.keyword.Keyword.getParameter(Keyword.java:44)
	at com.mytravels.keyword.Keyword.getParameter(Keyword.java:44)
	at com.mytravels.keyword.Keyword.getParameter(Keyword.java:44)
	at com.mytravels.keyword.Keyword.getParameter(Keyword.java:44)
	at com.mytravels.keyword.Keyword.getParameter(Keyword.java:44)
	at com.mytravels.keyword.Keyword.getParameter(Keyword.java:44)
	at com.mytravels.keyword.Keyword.getParameter(Keyword.java:44)
	at com.mytravels.keyword.Keyword.getParameter(Keyword.java:44)
	at com.mytravels.keyword.Keyword.getParameter(Keyword.java:44)
	at com.mytravels.keyword.Keyword.getParameter(Keyword.java:44)
	at com.mytravels.keyword.Keyword.getParameter(Keyword.java:44)
	at com.mytravels.keyword.Keyword.getParameter(Keyword.java:44)
	at com.mytravels.keyword.Keyword.getParameter(Keyword.java:44)
	at com.mytravels.keyword.Keyword.getParameter(Keyword.java:44)
	at com.mytravels.keyword.Keyword.getParameter(Keyword.java:44)
	at com.mytravels.keyword.Keyword.getParameter(Keyword.java:44)
	at com.mytravels.keyword.Keyword.getParameter(Keyword.java:44)
	at com.mytravels.keyword.Keyword.getParameter(Keyword.java:44)
	at com.mytravels.keyword.Keyword.getParameter(Keyword.java:44)
	at com.mytravels.keyword.Keyword.getParameter(Keyword.java:44)
	at com.mytravels.keyword.Keyword.getParameter(Keyword.java:44)
	at com.mytravels.keyword.Keyword.getParameter(Keyword.java:44)
	at com.mytravels.keyword.Keyword.getParameter(Keyword.java:44)
	at com.mytravels.keyword.Keyword.getParameter(Keyword.java:44)
	at com.mytravels.keyword.Keyword.getParameter(Keyword.java:44)
	at com.mytravels.keyword.Keyword.getParameter(Keyword.java:44)
	at com.mytravels.keyword.Keyword.getParameter(Keyword.java:44)
	at com.mytravels.keyword.Keyword.getParameter(Keyword.java:44)
	at com.mytravels.keyword.Keyword.getParameter(Keyword.java:44)
	at com.mytravels.keyword.Keyword.getParameter(Keyword.java:44)
	at com.mytravels.keyword.Keyword.getParameter(Keyword.java:44)
	at com.mytravels.keyword.Keyword.getParameter(Keyword.java:44)
	at com.mytravels.keyword.Keyword.getParameter(Keyword.java:44)
	at com.mytravels.keyword.Keyword.getParameter(Keyword.java:44)
	at com.mytravels.keyword.Keyword.getParameter(Keyword.java:44)
	at com.mytravels.keyword.Keyword.getParameter(Keyword.java:44)
	at com.mytravels.keyword.Keyword.getParameter(Keyword.java:44)
	at com.mytravels.keyword.Keyword.getParameter(Keyword.java:44)
	at com.mytravels.keyword.Keyword.getParameter(Keyword.java:44)
	at com.mytravels.keyword.Keyword.getParameter(Keyword.java:44)
	at com.mytravels.keyword.Keyword.getParameter(Keyword.java:44)
	at com.mytravels.keyword.Keyword.getParameter(Keyword.java:44)
	at com.mytravels.keyword.Keyword.getParameter(Keyword.java:44)
	at com.mytravels.keyword.Keyword.getParameter(Keyword.java:44)
	at com.mytravels.keyword.Keyword.getParameter(Keyword.java:44)
	at com.mytravels.keyword.Keyword.getParameter(Keyword.java:44)
	at com.mytravels.keyword.Keyword.getParameter(Keyword.java:44)
	at com.mytravels.keyword.Keyword.getParameter(Keyword.java:44)
	at com.mytravels.keyword.Keyword.getParameter(Keyword.java:44)
	at com.mytravels.keyword.Keyword.getParameter(Keyword.java:44)
	at com.mytravels.keyword.Keyword.getParameter(Keyword.java:44)
	at com.mytravels.keyword.Keyword.getParameter(Keyword.java:44)
	at com.mytravels.keyword.Keyword.getParameter(Keyword.java:44)
	at com.mytravels.keyword.Keyword.getParameter(Keyword.java:44)
	at com.mytravels.keyword.Keyword.getParameter(Keyword.java:44)
	at com.mytravels.keyword.Keyword.getParameter(Keyword.java:44)
	at com.mytravels.keyword.Keyword.getParameter(Keyword.java:44)
	at com.mytravels.keyword.Keyword.getParameter(Keyword.java:44)
	at com.mytravels.keyword.Keyword.getParameter(Keyword.java:44)
	at com.mytravels.keyword.Keyword.getParameter(Keyword.java:44)
	at com.mytravels.keyword.Keyword.getParameter(Keyword.java:44)
	at com.mytravels.keyword.Keyword.getParameter(Keyword.java:44)
	at com.mytravels.keyword.Keyword.getParameter(Keyword.java:44)
	at com.mytravels.keyword.Keyword.getParameter(Keyword.java:44)
	at com.mytravels.keyword.Keyword.getParameter(Keyword.java:44)
	at com.mytravels.keyword.Keyword.getParameter(Keyword.java:44)
	at com.mytravels.keyword.Keyword.getParameter(Keyword.java:44)
	at com.mytravels.keyword.Keyword.getParameter(Keyword.java:44)
	at com.mytravels.keyword.Keyword.getParameter(Keyword.java:44)
	at com.mytravels.keyword.Keyword.getParameter(Keyword.java:44)
	at com.mytravels.keyword.Keyword.getParameter(Keyword.java:44)
	at com.mytravels.keyword.Keyword.getParameter(Keyword.java:44)
	at com.mytravels.keyword.Keyword.getParameter(Keyword.java:44)
	at com.mytravels.keyword.Keyword.getParameter(Keyword.java:44)
	at com.mytravels.keyword.Keyword.getParameter(Keyword.java:44)
	at com.mytravels.keyword.Keyword.getParameter(Keyword.java:44)
	at com.mytravels.keyword.Keyword.getParameter(Keyword.java:44)
	at com.mytravels.keyword.Keyword.getParameter(Keyword.java:44)
	at com.mytravels.keyword.Keyword.getParameter(Keyword.java:44)
	at com.mytravels.keyword.Keyword.getParameter(Keyword.java:44)
	at com.mytravels.keyword.Keyword.getParameter(Keyword.java:44)
	at com.mytravels.keyword.Keyword.getParameter(Keyword.java:44)
	at com.mytravels.keyword.Keyword.getParameter(Keyword.java:44)
	at com.mytravels.keyword.Keyword.getParameter(Keyword.java:44)
	at com.mytravels.keyword.Keyword.getParameter(Keyword.java:44)
	at com.mytravels.keyword.Keyword.getParameter(Keyword.java:44)
	at com.mytravels.keyword.Keyword.getParameter(Keyword.java:44)
	at com.mytravels.keyword.Keyword.getParameter(Keyword.java:44)
	at com.mytravels.keyword.Keyword.getParameter(Keyword.java:44)
	at com.mytravels.keyword.Keyword.getParameter(Keyword.java:44)
	at com.mytravels.keyword.Keyword.getParameter(Keyword.java:44)
	at com.mytravels.keyword.Keyword.getParameter(Keyword.java:44)
	at com.mytravels.keyword.Keyword.getParameter(Keyword.java:44)
	at com.mytravels.keyword.Keyword.getParameter(Keyword.java:44)
	at com.mytravels.keyword.Keyword.getParameter(Keyword.java:44)
	at com.mytravels.keyword.Keyword.getParameter(Keyword.java:44)
	at com.mytravels.keyword.Keyword.getParameter(Keyword.java:44)
	at com.mytravels.keyword.Keyword.getParameter(Keyword.java:44)
	at com.mytravels.keyword.Keyword.getParameter(Keyword.java:44)
	at com.mytravels.keyword.Keyword.getParameter(Keyword.java:44)
	at com.mytravels.keyword.Keyword.getParameter(Keyword.java:44)
	at com.mytravels.keyword.Keyword.getParameter(Keyword.java:44)
	at com.mytravels.keyword.Keyword.getParameter(Keyword.java:44)
	at com.mytravels.keyword.Keyword.getParameter(Keyword.java:44)
	at com.mytravels.keyword.Keyword.getParameter(Keyword.java:44)
	at com.mytravels.keyword.Keyword.getParameter(Keyword.java:44)
	at com.mytravels.keyword.Keyword.getParameter(Keyword.java:44)
	at com.mytravels.keyword.Keyword.getParameter(Keyword.java:44)
	at com.mytravels.keyword.Keyword.getParameter(Keyword.java:44)
	at com.mytravels.keyword.Keyword.getParameter(Keyword.java:44)
	at com.mytravels.keyword.Keyword.getParameter(Keyword.java:44)
	at com.mytravels.keyword.Keyword.getParameter(Keyword.java:44)
	at com.mytravels.keyword.Keyword.getParameter(Keyword.java:44)
	at com.mytravels.keyword.Keyword.getParameter(Keyword.java:44)
	at com.mytravels.keyword.Keyword.getParameter(Keyword.java:44)
	at com.mytravels.keyword.Keyword.getParameter(Keyword.java:44)
	at com.mytravels.keyword.Keyword.getParameter(Keyword.java:44)
	at com.mytravels.keyword.Keyword.getParameter(Keyword.java:44)
	at com.mytravels.keyword.Keyword.getParameter(Keyword.java:44)
	at com.mytravels.keyword.Keyword.getParameter(Keyword.java:44)
	at com.mytravels.keyword.Keyword.getParameter(Keyword.java:44)
	at com.mytravels.keyword.Keyword.getParameter(Keyword.java:44)
	at com.mytravels.keyword.Keyword.getParameter(Keyword.java:44)
	at com.mytravels.keyword.Keyword.getParameter(Keyword.java:44)
	at com.mytravels.keyword.Keyword.getParameter(Keyword.java:44)
	at com.mytravels.keyword.Keyword.getParameter(Keyword.java:44)
	at com.mytravels.keyword.Keyword.getParameter(Keyword.java:44)
	at com.mytravels.keyword.Keyword.getParameter(Keyword.java:44)
	at com.mytravels.keyword.Keyword.getParameter(Keyword.java:44)
	at com.mytravels.keyword.Keyword.getParameter(Keyword.java:44)
	at com.mytravels.keyword.Keyword.getParameter(Keyword.java:44)
	at com.mytravels.keyword.Keyword.getParameter(Keyword.java:44)
	at com.mytravels.keyword.Keyword.getParameter(Keyword.java:44)
	at com.mytravels.keyword.Keyword.getParameter(Keyword.java:44)
	at com.mytravels.keyword.Keyword.getParameter(Keyword.java:44)
	at com.mytravels.keyword.Keyword.getParameter(Keyword.java:44)
	at com.mytravels.keyword.Keyword.getParameter(Keyword.java:44)
	at com.mytravels.keyword.Keyword.getParameter(Keyword.java:44)
	at com.mytravels.keyword.Keyword.getParameter(Keyword.java:44)
	at com.mytravels.keyword.Keyword.getParameter(Keyword.java:44)
	at com.mytravels.keyword.Keyword.getParameter(Keyword.java:44)
	at com.mytravels.keyword.Keyword.getParameter(Keyword.java:44)
	at com.mytravels.keyword.Keyword.getParameter(Keyword.java:44)
	at com.mytravels.keyword.Keyword.getParameter(Keyword.java:44)
	at com.mytravels.keyword.Keyword.getParameter(Keyword.java:44)
	at com.mytravels.keyword.Keyword.getParameter(Keyword.java:44)
	at com.mytravels.keyword.Keyword.getParameter(Keyword.java:44)
	at com.mytravels.keyword.Keyword.getParameter(Keyword.java:44)
	at com.mytravels.keyword.Keyword.getParameter(Keyword.java:44)
	at com.mytravels.keyword.Keyword.getParameter(Keyword.java:44)
	at com.mytravels.keyword.Keyword.getParameter(Keyword.java:44)
	at com.mytravels.keyword.Keyword.getParameter(Keyword.java:44)
	at com.mytravels.keyword.Keyword.getParameter(Keyword.java:44)
	at com.mytravels.keyword.Keyword.getParameter(Keyword.java:44)
	at com.mytravels.keyword.Keyword.getParameter(Keyword.java:44)
	at com.mytravels.keyword.Keyword.getParameter(Keyword.java:44)
	at com.mytravels.keyword.Keyword.getParameter(Keyword.java:44)
	at com.mytravels.keyword.Keyword.getParameter(Keyword.java:44)
	at com.mytravels.keyword.Keyword.getParameter(Keyword.java:44)
	at com.mytravels.keyword.Keyword.getParameter(Keyword.java:44)
	at com.mytravels.keyword.Keyword.getParameter(Keyword.java:44)
	at com.mytravels.keyword.Keyword.getParameter(Keyword.java:44)
	at com.mytravels.keyword.Keyword.getParameter(Keyword.java:44)
	at com.mytravels.keyword.Keyword.getParameter(Keyword.java:44)
	at com.mytravels.keyword.Keyword.getParameter(Keyword.java:44)
	at com.mytravels.keyword.Keyword.getParameter(Keyword.java:44)
	at com.mytravels.keyword.Keyword.getParameter(Keyword.java:44)
	at com.mytravels.keyword.Keyword.getParameter(Keyword.java:44)
	at com.mytravels.keyword.Keyword.getParameter(Keyword.java:44)
	at com.mytravels.keyword.Keyword.getParameter(Keyword.java:44)
	at com.mytravels.keyword.Keyword.getParameter(Keyword.java:44)
	at com.mytravels.keyword.Keyword.getParameter(Keyword.java:44)
	at com.mytravels.keyword.Keyword.getParameter(Keyword.java:44)
	at com.mytravels.keyword.Keyword.getParameter(Keyword.java:44)
	at com.mytravels.keyword.Keyword.getParameter(Keyword.java:44)
	at com.mytravels.keyword.Keyword.getParameter(Keyword.java:44)
	at com.mytravels.keyword.Keyword.getParameter(Keyword.java:44)
	at com.mytravels.keyword.Keyword.getParameter(Keyword.java:44)
	at com.mytravels.keyword.Keyword.getParameter(Keyword.java:44)
	at com.mytravels.keyword.Keyword.getParameter(Keyword.java:44)
	at com.mytravels.keyword.Keyword.getParameter(Keyword.java:44)
	at com.mytravels.keyword.Keyword.getParameter(Keyword.java:44)
	at com.mytravels.keyword.Keyword.getParameter(Keyword.java:44)
	at com.mytravels.keyword.Keyword.getParameter(Keyword.java:44)
	at com.mytravels.keyword.Keyword.getParameter(Keyword.java:44)
	at com.mytravels.keyword.Keyword.getParameter(Keyword.java:44)
	at com.mytravels.keyword.Keyword.getParameter(Keyword.java:44)
	at com.mytravels.keyword.Keyword.getParameter(Keyword.java:44)
	at com.mytravels.keyword.Keyword.getParameter(Keyword.java:44)
	at com.mytravels.keyword.Keyword.getParameter(Keyword.java:44)
	at com.mytravels.keyword.Keyword.getParameter(Keyword.java:44)
	at com.mytravels.keyword.Keyword.getParameter(Keyword.java:44)
	at com.mytravels.keyword.Keyword.getParameter(Keyword.java:44)
	at com.mytravels.keyword.Keyword.getParameter(Keyword.java:44)
	at com.mytravels.keyword.Keyword.getParameter(Keyword.java:44)
	at com.mytravels.keyword.Keyword.getParameter(Keyword.java:44)
	at com.mytravels.keyword.Keyword.getParameter(Keyword.java:44)
	at com.mytravels.keyword.Keyword.getParameter(Keyword.java:44)
	at com.mytravels.keyword.Keyword.getParameter(Keyword.java:44)
	at com.mytravels.keyword.Keyword.getParameter(Keyword.java:44)
	at com.mytravels.keyword.Keyword.getParameter(Keyword.java:44)
	at com.mytravels.keyword.Keyword.getParameter(Keyword.java:44)
	at com.mytravels.keyword.Keyword.getParameter(Keyword.java:44)
	at com.mytravels.keyword.Keyword.getParameter(Keyword.java:44)
	at com.mytravels.keyword.Keyword.getParameter(Keyword.java:44)
	at com.mytravels.keyword.Keyword.getParameter(Keyword.java:44)
	at com.mytravels.keyword.Keyword.getParameter(Keyword.java:44)
	at com.mytravels.keyword.Keyword.getParameter(Keyword.java:44)
	at com.mytravels.keyword.Keyword.getParameter(Keyword.java:44)
	at com.mytravels.keyword.Keyword.getParameter(Keyword.java:44)
	at com.mytravels.keyword.Keyword.getParameter(Keyword.java:44)
	at com.mytravels.keyword.Keyword.getParameter(Keyword.java:44)
	at com.mytravels.keyword.Keyword.getParameter(Keyword.java:44)
	at com.mytravels.keyword.Keyword.getParameter(Keyword.java:44)
	at com.mytravels.keyword.Keyword.getParameter(Keyword.java:44)
	at com.mytravels.keyword.Keyword.getParameter(Keyword.java:44)
	at com.mytravels.keyword.Keyword.getParameter(Keyword.java:44)
	at com.mytravels.keyword.Keyword.getParameter(Keyword.java:44)
	at com.mytravels.keyword.Keyword.getParameter(Keyword.java:44)
	at com.mytravels.keyword.Keyword.getParameter(Keyword.java:44)
	at com.mytravels.keyword.Keyword.getParameter(Keyword.java:44)
	at com.mytravels.keyword.Keyword.getParameter(Keyword.java:44)
	at com.mytravels.keyword.Keyword.getParameter(Keyword.java:44)
	at com.mytravels.keyword.Keyword.getParameter(Keyword.java:44)
	at com.mytravels.keyword.Keyword.getParameter(Keyword.java:44)
	at com.mytravels.keyword.Keyword.getParameter(Keyword.java:44)
	at com.mytravels.keyword.Keyword.getParameter(Keyword.java:44)
]]>
    </error>
  </testcase> <!-- verify_Homepage_Title -->
</testsuite> <!-- com.mytravels.pagetest.HomepagePageTest -->
