<?xml version="1.0" encoding="UTF-8"?>
<!-- Generated by org.testng.reporters.JUnitReportReporter -->
<testsuite hostname="DESKTOP-9RKLVC8" failures="0" tests="2" name="com.mytravels.pagetest.HomepagePageTest" time="0.010" errors="1" timestamp="2020-06-26T13:15:35 IST" skipped="1">
  <testcase classname="com.mytravels.pagetest.HomepagePageTest" name="verify_Homepage_Title" time="0.000">
    <skipped/>
  </testcase> <!-- verify_Homepage_Title -->
  <system-out/>
  <testcase classname="com.mytravels.pagetest.HomepagePageTest" name="setUp" time="0.010">
    <error type="java.lang.StackOverflowError">
      <![CDATA[java.lang.StackOverflowError
at java.base/java.util.concurrent.ConcurrentHashMap.<init>(ConcurrentHashMap.java:842)
at java.base/java.util.Properties.<init>(Properties.java:204)
at java.base/java.util.Properties.<init>(Properties.java:171)
at com.mytravels.keyword.Keyword.getParameter(Keyword.java:46)
at com.mytravels.keyword.Keyword.getParameter(Keyword.java:49)
at com.mytravels.keyword.Keyword.getParameter(Keyword.java:49)
at com.mytravels.keyword.Keyword.getParameter(Keyword.java:49)
at com.mytravels.keyword.Keyword.getParameter(Keyword.java:49)
at com.mytravels.keyword.Keyword.getParameter(Keyword.java:49)
at com.mytravels.keyword.Keyword.getParameter(Keyword.java:49)
at com.mytravels.keyword.Keyword.getParameter(Keyword.java:49)
at com.mytravels.keyword.Keyword.getParameter(Keyword.java:49)
at com.mytravels.keyword.Keyword.getParameter(Keyword.java:49)
at com.mytravels.keyword.Keyword.getParameter(Keyword.java:49)
at com.mytravels.keyword.Keyword.getParameter(Keyword.java:49)
at com.mytravels.keyword.Keyword.getParameter(Keyword.java:49)
at com.mytravels.keyword.Keyword.getParameter(Keyword.java:49)
at com.mytravels.keyword.Keyword.getParameter(Keyword.java:49)
at com.mytravels.keyword.Keyword.getParameter(Keyword.java:49)
at com.mytravels.keyword.Keyword.getParameter(Keyword.java:49)
at com.mytravels.keyword.Keyword.getParameter(Keyword.java:49)
at com.mytravels.keyword.Keyword.getParameter(Keyword.java:49)
at com.mytravels.keyword.Keyword.getParameter(Keyword.java:49)
at com.mytravels.keyword.Keyword.getParameter(Keyword.java:49)
at com.mytravels.keyword.Keyword.getParameter(Keyword.java:49)
at com.mytravels.keyword.Keyword.getParameter(Keyword.java:49)
at com.mytravels.keyword.Keyword.getParameter(Keyword.java:49)
at com.mytravels.keyword.Keyword.getParameter(Keyword.java:49)
at com.mytravels.keyword.Keyword.getParameter(Keyword.java:49)
at com.mytravels.keyword.Keyword.getParameter(Keyword.java:49)
at com.mytravels.keyword.Keyword.getParameter(Keyword.java:49)
at com.mytravels.keyword.Keyword.getParameter(Keyword.java:49)
at com.mytravels.keyword.Keyword.getParameter(Keyword.java:49)
at com.mytravels.keyword.Keyword.getParameter(Keyword.java:49)
at com.mytravels.keyword.Keyword.getParameter(Keyword.java:49)
at com.mytravels.keyword.Keyword.getParameter(Keyword.java:49)
at com.mytravels.keyword.Keyword.getParameter(Keyword.java:49)
at com.mytravels.keyword.Keyword.getParameter(Keyword.java:49)
at com.mytravels.keyword.Keyword.getParameter(Keyword.java:49)
at com.mytravels.keyword.Keyword.getParameter(Keyword.java:49)
at com.mytravels.keyword.Keyword.getParameter(Keyword.java:49)
at com.mytravels.keyword.Keyword.getParameter(Keyword.java:49)
at com.mytravels.keyword.Keyword.getParameter(Keyword.java:49)
at com.mytravels.keyword.Keyword.getParameter(Keyword.java:49)
at com.mytravels.keyword.Keyword.getParameter(Keyword.java:49)
at com.mytravels.keyword.Keyword.getParameter(Keyword.java:49)
at com.mytravels.keyword.Keyword.getParameter(Keyword.java:49)
at com.mytravels.keyword.Keyword.getParameter(Keyword.java:49)
at com.mytravels.keyword.Keyword.getParameter(Keyword.java:49)
at com.mytravels.keyword.Keyword.getParameter(Keyword.java:49)
at com.mytravels.keyword.Keyword.getParameter(Keyword.java:49)
at com.mytravels.keyword.Keyword.getParameter(Keyword.java:49)
at com.mytravels.keyword.Keyword.getParameter(Keyword.java:49)
at com.mytravels.keyword.Keyword.getParameter(Keyword.java:49)
at com.mytravels.keyword.Keyword.getParameter(Keyword.java:49)
at com.mytravels.keyword.Keyword.getParameter(Keyword.java:49)
at com.mytravels.keyword.Keyword.getParameter(Keyword.java:49)
at com.mytravels.keyword.Keyword.getParameter(Keyword.java:49)
at com.mytravels.keyword.Keyword.getParameter(Keyword.java:49)
at com.mytravels.keyword.Keyword.getParameter(Keyword.java:49)
at com.mytravels.keyword.Keyword.getParameter(Keyword.java:49)
at com.mytravels.keyword.Keyword.getParameter(Keyword.java:49)
at com.mytravels.keyword.Keyword.getParameter(Keyword.java:49)
at com.mytravels.keyword.Keyword.getParameter(Keyword.java:49)
at com.mytravels.keyword.Keyword.getParameter(Keyword.java:49)
at com.mytravels.keyword.Keyword.getParameter(Keyword.java:49)
at com.mytravels.keyword.Keyword.getParameter(Keyword.java:49)
at com.mytravels.keyword.Keyword.getParameter(Keyword.java:49)
at com.mytravels.keyword.Keyword.getParameter(Keyword.java:49)
at com.mytravels.keyword.Keyword.getParameter(Keyword.java:49)
at com.mytravels.keyword.Keyword.getParameter(Keyword.java:49)
at com.mytravels.keyword.Keyword.getParameter(Keyword.java:49)
at com.mytravels.keyword.Keyword.getParameter(Keyword.java:49)
at com.mytravels.keyword.Keyword.getParameter(Keyword.java:49)
at com.mytravels.keyword.Keyword.getParameter(Keyword.java:49)
at com.mytravels.keyword.Keyword.getParameter(Keyword.java:49)
at com.mytravels.keyword.Keyword.getParameter(Keyword.java:49)
at com.mytravels.keyword.Keyword.getParameter(Keyword.java:49)
at com.mytravels.keyword.Keyword.getParameter(Keyword.java:49)
at com.mytravels.keyword.Keyword.getParameter(Keyword.java:49)
at com.mytravels.keyword.Keyword.getParameter(Keyword.java:49)
at com.mytravels.keyword.Keyword.getParameter(Keyword.java:49)
at com.mytravels.keyword.Keyword.getParameter(Keyword.java:49)
at com.mytravels.keyword.Keyword.getParameter(Keyword.java:49)
at com.mytravels.keyword.Keyword.getParameter(Keyword.java:49)
at com.mytravels.keyword.Keyword.getParameter(Keyword.java:49)
at com.mytravels.keyword.Keyword.getParameter(Keyword.java:49)
at com.mytravels.keyword.Keyword.getParameter(Keyword.java:49)
at com.mytravels.keyword.Keyword.getParameter(Keyword.java:49)
at com.mytravels.keyword.Keyword.getParameter(Keyword.java:49)
at com.mytravels.keyword.Keyword.getParameter(Keyword.java:49)
at com.mytravels.keyword.Keyword.getParameter(Keyword.java:49)
at com.mytravels.keyword.Keyword.getParameter(Keyword.java:49)
at com.mytravels.keyword.Keyword.getParameter(Keyword.java:49)
at com.mytravels.keyword.Keyword.getParameter(Keyword.java:49)
at com.mytravels.keyword.Keyword.getParameter(Keyword.java:49)
at com.mytravels.keyword.Keyword.getParameter(Keyword.java:49)
at com.mytravels.keyword.Keyword.getParameter(Keyword.java:49)
at com.mytravels.keyword.Keyword.getParameter(Keyword.java:49)
at com.mytravels.keyword.Keyword.getParameter(Keyword.java:49)
at com.mytravels.keyword.Keyword.getParameter(Keyword.java:49)
at com.mytravels.keyword.Keyword.getParameter(Keyword.java:49)
at com.mytravels.keyword.Keyword.getParameter(Keyword.java:49)
at com.mytravels.keyword.Keyword.getParameter(Keyword.java:49)
at com.mytravels.keyword.Keyword.getParameter(Keyword.java:49)
at com.mytravels.keyword.Keyword.getParameter(Keyword.java:49)
at com.mytravels.keyword.Keyword.getParameter(Keyword.java:49)
at com.mytravels.keyword.Keyword.getParameter(Keyword.java:49)
at com.mytravels.keyword.Keyword.getParameter(Keyword.java:49)
at com.mytravels.keyword.Keyword.getParameter(Keyword.java:49)
at com.mytravels.keyword.Keyword.getParameter(Keyword.java:49)
at com.mytravels.keyword.Keyword.getParameter(Keyword.java:49)
at com.mytravels.keyword.Keyword.getParameter(Keyword.java:49)
at com.mytravels.keyword.Keyword.getParameter(Keyword.java:49)
at com.mytravels.keyword.Keyword.getParameter(Keyword.java:49)
at com.mytravels.keyword.Keyword.getParameter(Keyword.java:49)
at com.mytravels.keyword.Keyword.getParameter(Keyword.java:49)
at com.mytravels.keyword.Keyword.getParameter(Keyword.java:49)
at com.mytravels.keyword.Keyword.getParameter(Keyword.java:49)
at com.mytravels.keyword.Keyword.getParameter(Keyword.java:49)
at com.mytravels.keyword.Keyword.getParameter(Keyword.java:49)
at com.mytravels.keyword.Keyword.getParameter(Keyword.java:49)
at com.mytravels.keyword.Keyword.getParameter(Keyword.java:49)
at com.mytravels.keyword.Keyword.getParameter(Keyword.java:49)
at com.mytravels.keyword.Keyword.getParameter(Keyword.java:49)
at com.mytravels.keyword.Keyword.getParameter(Keyword.java:49)
at com.mytravels.keyword.Keyword.getParameter(Keyword.java:49)
at com.mytravels.keyword.Keyword.getParameter(Keyword.java:49)
at com.mytravels.keyword.Keyword.getParameter(Keyword.java:49)
at com.mytravels.keyword.Keyword.getParameter(Keyword.java:49)
at com.mytravels.keyword.Keyword.getParameter(Keyword.java:49)
at com.mytravels.keyword.Keyword.getParameter(Keyword.java:49)
at com.mytravels.keyword.Keyword.getParameter(Keyword.java:49)
at com.mytravels.keyword.Keyword.getParameter(Keyword.java:49)
at com.mytravels.keyword.Keyword.getParameter(Keyword.java:49)
at com.mytravels.keyword.Keyword.getParameter(Keyword.java:49)
at com.mytravels.keyword.Keyword.getParameter(Keyword.java:49)
at com.mytravels.keyword.Keyword.getParameter(Keyword.java:49)
at com.mytravels.keyword.Keyword.getParameter(Keyword.java:49)
at com.mytravels.keyword.Keyword.getParameter(Keyword.java:49)
at com.mytravels.keyword.Keyword.getParameter(Keyword.java:49)
at com.mytravels.keyword.Keyword.getParameter(Keyword.java:49)
at com.mytravels.keyword.Keyword.getParameter(Keyword.java:49)
at com.mytravels.keyword.Keyword.getParameter(Keyword.java:49)
at com.mytravels.keyword.Keyword.getParameter(Keyword.java:49)
at com.mytravels.keyword.Keyword.getParameter(Keyword.java:49)
at com.mytravels.keyword.Keyword.getParameter(Keyword.java:49)
at com.mytravels.keyword.Keyword.getParameter(Keyword.java:49)
at com.mytravels.keyword.Keyword.getParameter(Keyword.java:49)
at com.mytravels.keyword.Keyword.getParameter(Keyword.java:49)
at com.mytravels.keyword.Keyword.getParameter(Keyword.java:49)
at com.mytravels.keyword.Keyword.getParameter(Keyword.java:49)
at com.mytravels.keyword.Keyword.getParameter(Keyword.java:49)
at com.mytravels.keyword.Keyword.getParameter(Keyword.java:49)
at com.mytravels.keyword.Keyword.getParameter(Keyword.java:49)
at com.mytravels.keyword.Keyword.getParameter(Keyword.java:49)
at com.mytravels.keyword.Keyword.getParameter(Keyword.java:49)
at com.mytravels.keyword.Keyword.getParameter(Keyword.java:49)
at com.mytravels.keyword.Keyword.getParameter(Keyword.java:49)
at com.mytravels.keyword.Keyword.getParameter(Keyword.java:49)
at com.mytravels.keyword.Keyword.getParameter(Keyword.java:49)
at com.mytravels.keyword.Keyword.getParameter(Keyword.java:49)
at com.mytravels.keyword.Keyword.getParameter(Keyword.java:49)
at com.mytravels.keyword.Keyword.getParameter(Keyword.java:49)
at com.mytravels.keyword.Keyword.getParameter(Keyword.java:49)
at com.mytravels.keyword.Keyword.getParameter(Keyword.java:49)
at com.mytravels.keyword.Keyword.getParameter(Keyword.java:49)
at com.mytravels.keyword.Keyword.getParameter(Keyword.java:49)
at com.mytravels.keyword.Keyword.getParameter(Keyword.java:49)
at com.mytravels.keyword.Keyword.getParameter(Keyword.java:49)
at com.mytravels.keyword.Keyword.getParameter(Keyword.java:49)
at com.mytravels.keyword.Keyword.getParameter(Keyword.java:49)
at com.mytravels.keyword.Keyword.getParameter(Keyword.java:49)
at com.mytravels.keyword.Keyword.getParameter(Keyword.java:49)
at com.mytravels.keyword.Keyword.getParameter(Keyword.java:49)
at com.mytravels.keyword.Keyword.getParameter(Keyword.java:49)
at com.mytravels.keyword.Keyword.getParameter(Keyword.java:49)
at com.mytravels.keyword.Keyword.getParameter(Keyword.java:49)
at com.mytravels.keyword.Keyword.getParameter(Keyword.java:49)
at com.mytravels.keyword.Keyword.getParameter(Keyword.java:49)
at com.mytravels.keyword.Keyword.getParameter(Keyword.java:49)
at com.mytravels.keyword.Keyword.getParameter(Keyword.java:49)
at com.mytravels.keyword.Keyword.getParameter(Keyword.java:49)
at com.mytravels.keyword.Keyword.getParameter(Keyword.java:49)
at com.mytravels.keyword.Keyword.getParameter(Keyword.java:49)
at com.mytravels.keyword.Keyword.getParameter(Keyword.java:49)
at com.mytravels.keyword.Keyword.getParameter(Keyword.java:49)
at com.mytravels.keyword.Keyword.getParameter(Keyword.java:49)
at com.mytravels.keyword.Keyword.getParameter(Keyword.java:49)
at com.mytravels.keyword.Keyword.getParameter(Keyword.java:49)
at com.mytravels.keyword.Keyword.getParameter(Keyword.java:49)
at com.mytravels.keyword.Keyword.getParameter(Keyword.java:49)
at com.mytravels.keyword.Keyword.getParameter(Keyword.java:49)
at com.mytravels.keyword.Keyword.getParameter(Keyword.java:49)
at com.mytravels.keyword.Keyword.getParameter(Keyword.java:49)
at com.mytravels.keyword.Keyword.getParameter(Keyword.java:49)
at com.mytravels.keyword.Keyword.getParameter(Keyword.java:49)
at com.mytravels.keyword.Keyword.getParameter(Keyword.java:49)
at com.mytravels.keyword.Keyword.getParameter(Keyword.java:49)
at com.mytravels.keyword.Keyword.getParameter(Keyword.java:49)
at com.mytravels.keyword.Keyword.getParameter(Keyword.java:49)
at com.mytravels.keyword.Keyword.getParameter(Keyword.java:49)
at com.mytravels.keyword.Keyword.getParameter(Keyword.java:49)
at com.mytravels.keyword.Keyword.getParameter(Keyword.java:49)
at com.mytravels.keyword.Keyword.getParameter(Keyword.java:49)
at com.mytravels.keyword.Keyword.getParameter(Keyword.java:49)
at com.mytravels.keyword.Keyword.getParameter(Keyword.java:49)
at com.mytravels.keyword.Keyword.getParameter(Keyword.java:49)
at com.mytravels.keyword.Keyword.getParameter(Keyword.java:49)
at com.mytravels.keyword.Keyword.getParameter(Keyword.java:49)
at com.mytravels.keyword.Keyword.getParameter(Keyword.java:49)
at com.mytravels.keyword.Keyword.getParameter(Keyword.java:49)
at com.mytravels.keyword.Keyword.getParameter(Keyword.java:49)
at com.mytravels.keyword.Keyword.getParameter(Keyword.java:49)
at com.mytravels.keyword.Keyword.getParameter(Keyword.java:49)
at com.mytravels.keyword.Keyword.getParameter(Keyword.java:49)
at com.mytravels.keyword.Keyword.getParameter(Keyword.java:49)
at com.mytravels.keyword.Keyword.getParameter(Keyword.java:49)
at com.mytravels.keyword.Keyword.getParameter(Keyword.java:49)
at com.mytravels.keyword.Keyword.getParameter(Keyword.java:49)
at com.mytravels.keyword.Keyword.getParameter(Keyword.java:49)
at com.mytravels.keyword.Keyword.getParameter(Keyword.java:49)
at com.mytravels.keyword.Keyword.getParameter(Keyword.java:49)
at com.mytravels.keyword.Keyword.getParameter(Keyword.java:49)
at com.mytravels.keyword.Keyword.getParameter(Keyword.java:49)
at com.mytravels.keyword.Keyword.getParameter(Keyword.java:49)
at com.mytravels.keyword.Keyword.getParameter(Keyword.java:49)
at com.mytravels.keyword.Keyword.getParameter(Keyword.java:49)
at com.mytravels.keyword.Keyword.getParameter(Keyword.java:49)
at com.mytravels.keyword.Keyword.getParameter(Keyword.java:49)
at com.mytravels.keyword.Keyword.getParameter(Keyword.java:49)
at com.mytravels.keyword.Keyword.getParameter(Keyword.java:49)
at com.mytravels.keyword.Keyword.getParameter(Keyword.java:49)
at com.mytravels.keyword.Keyword.getParameter(Keyword.java:49)
at com.mytravels.keyword.Keyword.getParameter(Keyword.java:49)
at com.mytravels.keyword.Keyword.getParameter(Keyword.java:49)
at com.mytravels.keyword.Keyword.getParameter(Keyword.java:49)
at com.mytravels.keyword.Keyword.getParameter(Keyword.java:49)
at com.mytravels.keyword.Keyword.getParameter(Keyword.java:49)
at com.mytravels.keyword.Keyword.getParameter(Keyword.java:49)
at com.mytravels.keyword.Keyword.getParameter(Keyword.java:49)
at com.mytravels.keyword.Keyword.getParameter(Keyword.java:49)
at com.mytravels.keyword.Keyword.getParameter(Keyword.java:49)
at com.mytravels.keyword.Keyword.getParameter(Keyword.java:49)
at com.mytravels.keyword.Keyword.getParameter(Keyword.java:49)
at com.mytravels.keyword.Keyword.getParameter(Keyword.java:49)
at com.mytravels.keyword.Keyword.getParameter(Keyword.java:49)
at com.mytravels.keyword.Keyword.getParameter(Keyword.java:49)
at com.mytravels.keyword.Keyword.getParameter(Keyword.java:49)
at com.mytravels.keyword.Keyword.getParameter(Keyword.java:49)
at com.mytravels.keyword.Keyword.getParameter(Keyword.java:49)
at com.mytravels.keyword.Keyword.getParameter(Keyword.java:49)
at com.mytravels.keyword.Keyword.getParameter(Keyword.java:49)
at com.mytravels.keyword.Keyword.getParameter(Keyword.java:49)
at com.mytravels.keyword.Keyword.getParameter(Keyword.java:49)
at com.mytravels.keyword.Keyword.getParameter(Keyword.java:49)
at com.mytravels.keyword.Keyword.getParameter(Keyword.java:49)
at com.mytravels.keyword.Keyword.getParameter(Keyword.java:49)
at com.mytravels.keyword.Keyword.getParameter(Keyword.java:49)
at com.mytravels.keyword.Keyword.getParameter(Keyword.java:49)
at com.mytravels.keyword.Keyword.getParameter(Keyword.java:49)
at com.mytravels.keyword.Keyword.getParameter(Keyword.java:49)
at com.mytravels.keyword.Keyword.getParameter(Keyword.java:49)
at com.mytravels.keyword.Keyword.getParameter(Keyword.java:49)
at com.mytravels.keyword.Keyword.getParameter(Keyword.java:49)
at com.mytravels.keyword.Keyword.getParameter(Keyword.java:49)
at com.mytravels.keyword.Keyword.getParameter(Keyword.java:49)
at com.mytravels.keyword.Keyword.getParameter(Keyword.java:49)
at com.mytravels.keyword.Keyword.getParameter(Keyword.java:49)
at com.mytravels.keyword.Keyword.getParameter(Keyword.java:49)
at com.mytravels.keyword.Keyword.getParameter(Keyword.java:49)
at com.mytravels.keyword.Keyword.getParameter(Keyword.java:49)
at com.mytravels.keyword.Keyword.getParameter(Keyword.java:49)
at com.mytravels.keyword.Keyword.getParameter(Keyword.java:49)
at com.mytravels.keyword.Keyword.getParameter(Keyword.java:49)
at com.mytravels.keyword.Keyword.getParameter(Keyword.java:49)
at com.mytravels.keyword.Keyword.getParameter(Keyword.java:49)
at com.mytravels.keyword.Keyword.getParameter(Keyword.java:49)
at com.mytravels.keyword.Keyword.getParameter(Keyword.java:49)
at com.mytravels.keyword.Keyword.getParameter(Keyword.java:49)
at com.mytravels.keyword.Keyword.getParameter(Keyword.java:49)
at com.mytravels.keyword.Keyword.getParameter(Keyword.java:49)
at com.mytravels.keyword.Keyword.getParameter(Keyword.java:49)
at com.mytravels.keyword.Keyword.getParameter(Keyword.java:49)
at com.mytravels.keyword.Keyword.getParameter(Keyword.java:49)
at com.mytravels.keyword.Keyword.getParameter(Keyword.java:49)
at com.mytravels.keyword.Keyword.getParameter(Keyword.java:49)
at com.mytravels.keyword.Keyword.getParameter(Keyword.java:49)
at com.mytravels.keyword.Keyword.getParameter(Keyword.java:49)
at com.mytravels.keyword.Keyword.getParameter(Keyword.java:49)
at com.mytravels.keyword.Keyword.getParameter(Keyword.java:49)
at com.mytravels.keyword.Keyword.getParameter(Keyword.java:49)
at com.mytravels.keyword.Keyword.getParameter(Keyword.java:49)
at com.mytravels.keyword.Keyword.getParameter(Keyword.java:49)
at com.mytravels.keyword.Keyword.getParameter(Keyword.java:49)
at com.mytravels.keyword.Keyword.getParameter(Keyword.java:49)
at com.mytravels.keyword.Keyword.getParameter(Keyword.java:49)
at com.mytravels.keyword.Keyword.getParameter(Keyword.java:49)
at com.mytravels.keyword.Keyword.getParameter(Keyword.java:49)
at com.mytravels.keyword.Keyword.getParameter(Keyword.java:49)
at com.mytravels.keyword.Keyword.getParameter(Keyword.java:49)
at com.mytravels.keyword.Keyword.getParameter(Keyword.java:49)
at com.mytravels.keyword.Keyword.getParameter(Keyword.java:49)
at com.mytravels.keyword.Keyword.getParameter(Keyword.java:49)
at com.mytravels.keyword.Keyword.getParameter(Keyword.java:49)
at com.mytravels.keyword.Keyword.getParameter(Keyword.java:49)
at com.mytravels.keyword.Keyword.getParameter(Keyword.java:49)
at com.mytravels.keyword.Keyword.getParameter(Keyword.java:49)
at com.mytravels.keyword.Keyword.getParameter(Keyword.java:49)
at com.mytravels.keyword.Keyword.getParameter(Keyword.java:49)
at com.mytravels.keyword.Keyword.getParameter(Keyword.java:49)
at com.mytravels.keyword.Keyword.getParameter(Keyword.java:49)
at com.mytravels.keyword.Keyword.getParameter(Keyword.java:49)
at com.mytravels.keyword.Keyword.getParameter(Keyword.java:49)
at com.mytravels.keyword.Keyword.getParameter(Keyword.java:49)
at com.mytravels.keyword.Keyword.getParameter(Keyword.java:49)
at com.mytravels.keyword.Keyword.getParameter(Keyword.java:49)
at com.mytravels.keyword.Keyword.getParameter(Keyword.java:49)
at com.mytravels.keyword.Keyword.getParameter(Keyword.java:49)
at com.mytravels.keyword.Keyword.getParameter(Keyword.java:49)
at com.mytravels.keyword.Keyword.getParameter(Keyword.java:49)
at com.mytravels.keyword.Keyword.getParameter(Keyword.java:49)
at com.mytravels.keyword.Keyword.getParameter(Keyword.java:49)
at com.mytravels.keyword.Keyword.getParameter(Keyword.java:49)
at com.mytravels.keyword.Keyword.getParameter(Keyword.java:49)
at com.mytravels.keyword.Keyword.getParameter(Keyword.java:49)
at com.mytravels.keyword.Keyword.getParameter(Keyword.java:49)
at com.mytravels.keyword.Keyword.getParameter(Keyword.java:49)
at com.mytravels.keyword.Keyword.getParameter(Keyword.java:49)
at com.mytravels.keyword.Keyword.getParameter(Keyword.java:49)
at com.mytravels.keyword.Keyword.getParameter(Keyword.java:49)
at com.mytravels.keyword.Keyword.getParameter(Keyword.java:49)
at com.mytravels.keyword.Keyword.getParameter(Keyword.java:49)
at com.mytravels.keyword.Keyword.getParameter(Keyword.java:49)
at com.mytravels.keyword.Keyword.getParameter(Keyword.java:49)
at com.mytravels.keyword.Keyword.getParameter(Keyword.java:49)
at com.mytravels.keyword.Keyword.getParameter(Keyword.java:49)
at com.mytravels.keyword.Keyword.getParameter(Keyword.java:49)
at com.mytravels.keyword.Keyword.getParameter(Keyword.java:49)
at com.mytravels.keyword.Keyword.getParameter(Keyword.java:49)
at com.mytravels.keyword.Keyword.getParameter(Keyword.java:49)
at com.mytravels.keyword.Keyword.getParameter(Keyword.java:49)
at com.mytravels.keyword.Keyword.getParameter(Keyword.java:49)
at com.mytravels.keyword.Keyword.getParameter(Keyword.java:49)
at com.mytravels.keyword.Keyword.getParameter(Keyword.java:49)
at com.mytravels.keyword.Keyword.getParameter(Keyword.java:49)
at com.mytravels.keyword.Keyword.getParameter(Keyword.java:49)
at com.mytravels.keyword.Keyword.getParameter(Keyword.java:49)
at com.mytravels.keyword.Keyword.getParameter(Keyword.java:49)
at com.mytravels.keyword.Keyword.getParameter(Keyword.java:49)
at com.mytravels.keyword.Keyword.getParameter(Keyword.java:49)
at com.mytravels.keyword.Keyword.getParameter(Keyword.java:49)
at com.mytravels.keyword.Keyword.getParameter(Keyword.java:49)
at com.mytravels.keyword.Keyword.getParameter(Keyword.java:49)
at com.mytravels.keyword.Keyword.getParameter(Keyword.java:49)
at com.mytravels.keyword.Keyword.getParameter(Keyword.java:49)
at com.mytravels.keyword.Keyword.getParameter(Keyword.java:49)
at com.mytravels.keyword.Keyword.getParameter(Keyword.java:49)
at com.mytravels.keyword.Keyword.getParameter(Keyword.java:49)
at com.mytravels.keyword.Keyword.getParameter(Keyword.java:49)
at com.mytravels.keyword.Keyword.getParameter(Keyword.java:49)
at com.mytravels.keyword.Keyword.getParameter(Keyword.java:49)
at com.mytravels.keyword.Keyword.getParameter(Keyword.java:49)
at com.mytravels.keyword.Keyword.getParameter(Keyword.java:49)
at com.mytravels.keyword.Keyword.getParameter(Keyword.java:49)
at com.mytravels.keyword.Keyword.getParameter(Keyword.java:49)
at com.mytravels.keyword.Keyword.getParameter(Keyword.java:49)
at com.mytravels.keyword.Keyword.getParameter(Keyword.java:49)
at com.mytravels.keyword.Keyword.getParameter(Keyword.java:49)
at com.mytravels.keyword.Keyword.getParameter(Keyword.java:49)
at com.mytravels.keyword.Keyword.getParameter(Keyword.java:49)
at com.mytravels.keyword.Keyword.getParameter(Keyword.java:49)
at com.mytravels.keyword.Keyword.getParameter(Keyword.java:49)
at com.mytravels.keyword.Keyword.getParameter(Keyword.java:49)
at com.mytravels.keyword.Keyword.getParameter(Keyword.java:49)
at com.mytravels.keyword.Keyword.getParameter(Keyword.java:49)
at com.mytravels.keyword.Keyword.getParameter(Keyword.java:49)
at com.mytravels.keyword.Keyword.getParameter(Keyword.java:49)
at com.mytravels.keyword.Keyword.getParameter(Keyword.java:49)
at com.mytravels.keyword.Keyword.getParameter(Keyword.java:49)
at com.mytravels.keyword.Keyword.getParameter(Keyword.java:49)
at com.mytravels.keyword.Keyword.getParameter(Keyword.java:49)
at com.mytravels.keyword.Keyword.getParameter(Keyword.java:49)
at com.mytravels.keyword.Keyword.getParameter(Keyword.java:49)
at com.mytravels.keyword.Keyword.getParameter(Keyword.java:49)
at com.mytravels.keyword.Keyword.getParameter(Keyword.java:49)
at com.mytravels.keyword.Keyword.getParameter(Keyword.java:49)
at com.mytravels.keyword.Keyword.getParameter(Keyword.java:49)
at com.mytravels.keyword.Keyword.getParameter(Keyword.java:49)
at com.mytravels.keyword.Keyword.getParameter(Keyword.java:49)
at com.mytravels.keyword.Keyword.getParameter(Keyword.java:49)
at com.mytravels.keyword.Keyword.getParameter(Keyword.java:49)
at com.mytravels.keyword.Keyword.getParameter(Keyword.java:49)
at com.mytravels.keyword.Keyword.getParameter(Keyword.java:49)
at com.mytravels.keyword.Keyword.getParameter(Keyword.java:49)
at com.mytravels.keyword.Keyword.getParameter(Keyword.java:49)
at com.mytravels.keyword.Keyword.getParameter(Keyword.java:49)
at com.mytravels.keyword.Keyword.getParameter(Keyword.java:49)
at com.mytravels.keyword.Keyword.getParameter(Keyword.java:49)
at com.mytravels.keyword.Keyword.getParameter(Keyword.java:49)
at com.mytravels.keyword.Keyword.getParameter(Keyword.java:49)
at com.mytravels.keyword.Keyword.getParameter(Keyword.java:49)
at com.mytravels.keyword.Keyword.getParameter(Keyword.java:49)
at com.mytravels.keyword.Keyword.getParameter(Keyword.java:49)
at com.mytravels.keyword.Keyword.getParameter(Keyword.java:49)
at com.mytravels.keyword.Keyword.getParameter(Keyword.java:49)
at com.mytravels.keyword.Keyword.getParameter(Keyword.java:49)
at com.mytravels.keyword.Keyword.getParameter(Keyword.java:49)
at com.mytravels.keyword.Keyword.getParameter(Keyword.java:49)
at com.mytravels.keyword.Keyword.getParameter(Keyword.java:49)
at com.mytravels.keyword.Keyword.getParameter(Keyword.java:49)
at com.mytravels.keyword.Keyword.getParameter(Keyword.java:49)
at com.mytravels.keyword.Keyword.getParameter(Keyword.java:49)
at com.mytravels.keyword.Keyword.getParameter(Keyword.java:49)
at com.mytravels.keyword.Keyword.getParameter(Keyword.java:49)
at com.mytravels.keyword.Keyword.getParameter(Keyword.java:49)
at com.mytravels.keyword.Keyword.getParameter(Keyword.java:49)
at com.mytravels.keyword.Keyword.getParameter(Keyword.java:49)
at com.mytravels.keyword.Keyword.getParameter(Keyword.java:49)
at com.mytravels.keyword.Keyword.getParameter(Keyword.java:49)
at com.mytravels.keyword.Keyword.getParameter(Keyword.java:49)
at com.mytravels.keyword.Keyword.getParameter(Keyword.java:49)
at com.mytravels.keyword.Keyword.getParameter(Keyword.java:49)
at com.mytravels.keyword.Keyword.getParameter(Keyword.java:49)
at com.mytravels.keyword.Keyword.getParameter(Keyword.java:49)
at com.mytravels.keyword.Keyword.getParameter(Keyword.java:49)
at com.mytravels.keyword.Keyword.getParameter(Keyword.java:49)
at com.mytravels.keyword.Keyword.getParameter(Keyword.java:49)
at com.mytravels.keyword.Keyword.getParameter(Keyword.java:49)
at com.mytravels.keyword.Keyword.getParameter(Keyword.java:49)
at com.mytravels.keyword.Keyword.getParameter(Keyword.java:49)
at com.mytravels.keyword.Keyword.getParameter(Keyword.java:49)
at com.mytravels.keyword.Keyword.getParameter(Keyword.java:49)
at com.mytravels.keyword.Keyword.getParameter(Keyword.java:49)
at com.mytravels.keyword.Keyword.getParameter(Keyword.java:49)
at com.mytravels.keyword.Keyword.getParameter(Keyword.java:49)
at com.mytravels.keyword.Keyword.getParameter(Keyword.java:49)
at com.mytravels.keyword.Keyword.getParameter(Keyword.java:49)
at com.mytravels.keyword.Keyword.getParameter(Keyword.java:49)
at com.mytravels.keyword.Keyword.getParameter(Keyword.java:49)
at com.mytravels.keyword.Keyword.getParameter(Keyword.java:49)
at com.mytravels.keyword.Keyword.getParameter(Keyword.java:49)
at com.mytravels.keyword.Keyword.getParameter(Keyword.java:49)
at com.mytravels.keyword.Keyword.getParameter(Keyword.java:49)
at com.mytravels.keyword.Keyword.getParameter(Keyword.java:49)
at com.mytravels.keyword.Keyword.getParameter(Keyword.java:49)
at com.mytravels.keyword.Keyword.getParameter(Keyword.java:49)
at com.mytravels.keyword.Keyword.getParameter(Keyword.java:49)
at com.mytravels.keyword.Keyword.getParameter(Keyword.java:49)
at com.mytravels.keyword.Keyword.getParameter(Keyword.java:49)
at com.mytravels.keyword.Keyword.getParameter(Keyword.java:49)
at com.mytravels.keyword.Keyword.getParameter(Keyword.java:49)
at com.mytravels.keyword.Keyword.getParameter(Keyword.java:49)
at com.mytravels.keyword.Keyword.getParameter(Keyword.java:49)
at com.mytravels.keyword.Keyword.getParameter(Keyword.java:49)
at com.mytravels.keyword.Keyword.getParameter(Keyword.java:49)
at com.mytravels.keyword.Keyword.getParameter(Keyword.java:49)
at com.mytravels.keyword.Keyword.getParameter(Keyword.java:49)
at com.mytravels.keyword.Keyword.getParameter(Keyword.java:49)
at com.mytravels.keyword.Keyword.getParameter(Keyword.java:49)
at com.mytravels.keyword.Keyword.getParameter(Keyword.java:49)
at com.mytravels.keyword.Keyword.getParameter(Keyword.java:49)
at com.mytravels.keyword.Keyword.getParameter(Keyword.java:49)
at com.mytravels.keyword.Keyword.getParameter(Keyword.java:49)
at com.mytravels.keyword.Keyword.getParameter(Keyword.java:49)
at com.mytravels.keyword.Keyword.getParameter(Keyword.java:49)
at com.mytravels.keyword.Keyword.getParameter(Keyword.java:49)
at com.mytravels.keyword.Keyword.getParameter(Keyword.java:49)
at com.mytravels.keyword.Keyword.getParameter(Keyword.java:49)
at com.mytravels.keyword.Keyword.getParameter(Keyword.java:49)
at com.mytravels.keyword.Keyword.getParameter(Keyword.java:49)
at com.mytravels.keyword.Keyword.getParameter(Keyword.java:49)
at com.mytravels.keyword.Keyword.getParameter(Keyword.java:49)
at com.mytravels.keyword.Keyword.getParameter(Keyword.java:49)
at com.mytravels.keyword.Keyword.getParameter(Keyword.java:49)
at com.mytravels.keyword.Keyword.getParameter(Keyword.java:49)
at com.mytravels.keyword.Keyword.getParameter(Keyword.java:49)
at com.mytravels.keyword.Keyword.getParameter(Keyword.java:49)
at com.mytravels.keyword.Keyword.getParameter(Keyword.java:49)
at com.mytravels.keyword.Keyword.getParameter(Keyword.java:49)
at com.mytravels.keyword.Keyword.getParameter(Keyword.java:49)
at com.mytravels.keyword.Keyword.getParameter(Keyword.java:49)
at com.mytravels.keyword.Keyword.getParameter(Keyword.java:49)
at com.mytravels.keyword.Keyword.getParameter(Keyword.java:49)
at com.mytravels.keyword.Keyword.getParameter(Keyword.java:49)
at com.mytravels.keyword.Keyword.getParameter(Keyword.java:49)
at com.mytravels.keyword.Keyword.getParameter(Keyword.java:49)
at com.mytravels.keyword.Keyword.getParameter(Keyword.java:49)
at com.mytravels.keyword.Keyword.getParameter(Keyword.java:49)
at com.mytravels.keyword.Keyword.getParameter(Keyword.java:49)
at com.mytravels.keyword.Keyword.getParameter(Keyword.java:49)
at com.mytravels.keyword.Keyword.getParameter(Keyword.java:49)
at com.mytravels.keyword.Keyword.getParameter(Keyword.java:49)
at com.mytravels.keyword.Keyword.getParameter(Keyword.java:49)
at com.mytravels.keyword.Keyword.getParameter(Keyword.java:49)
at com.mytravels.keyword.Keyword.getParameter(Keyword.java:49)
at com.mytravels.keyword.Keyword.getParameter(Keyword.java:49)
at com.mytravels.keyword.Keyword.getParameter(Keyword.java:49)
at com.mytravels.keyword.Keyword.getParameter(Keyword.java:49)
at com.mytravels.keyword.Keyword.getParameter(Keyword.java:49)
at com.mytravels.keyword.Keyword.getParameter(Keyword.java:49)
at com.mytravels.keyword.Keyword.getParameter(Keyword.java:49)
at com.mytravels.keyword.Keyword.getParameter(Keyword.java:49)
at com.mytravels.keyword.Keyword.getParameter(Keyword.java:49)
at com.mytravels.keyword.Keyword.getParameter(Keyword.java:49)
at com.mytravels.keyword.Keyword.getParameter(Keyword.java:49)
at com.mytravels.keyword.Keyword.getParameter(Keyword.java:49)
at com.mytravels.keyword.Keyword.getParameter(Keyword.java:49)
at com.mytravels.keyword.Keyword.getParameter(Keyword.java:49)
at com.mytravels.keyword.Keyword.getParameter(Keyword.java:49)
at com.mytravels.keyword.Keyword.getParameter(Keyword.java:49)
at com.mytravels.keyword.Keyword.getParameter(Keyword.java:49)
at com.mytravels.keyword.Keyword.getParameter(Keyword.java:49)
at com.mytravels.keyword.Keyword.getParameter(Keyword.java:49)
at com.mytravels.keyword.Keyword.getParameter(Keyword.java:49)
at com.mytravels.keyword.Keyword.getParameter(Keyword.java:49)
at com.mytravels.keyword.Keyword.getParameter(Keyword.java:49)
at com.mytravels.keyword.Keyword.getParameter(Keyword.java:49)
at com.mytravels.keyword.Keyword.getParameter(Keyword.java:49)
at com.mytravels.keyword.Keyword.getParameter(Keyword.java:49)
at com.mytravels.keyword.Keyword.getParameter(Keyword.java:49)
at com.mytravels.keyword.Keyword.getParameter(Keyword.java:49)
at com.mytravels.keyword.Keyword.getParameter(Keyword.java:49)
at com.mytravels.keyword.Keyword.getParameter(Keyword.java:49)
at com.mytravels.keyword.Keyword.getParameter(Keyword.java:49)
at com.mytravels.keyword.Keyword.getParameter(Keyword.java:49)
at com.mytravels.keyword.Keyword.getParameter(Keyword.java:49)
at com.mytravels.keyword.Keyword.getParameter(Keyword.java:49)
at com.mytravels.keyword.Keyword.getParameter(Keyword.java:49)
at com.mytravels.keyword.Keyword.getParameter(Keyword.java:49)
at com.mytravels.keyword.Keyword.getParameter(Keyword.java:49)
at com.mytravels.keyword.Keyword.getParameter(Keyword.java:49)
at com.mytravels.keyword.Keyword.getParameter(Keyword.java:49)
at com.mytravels.keyword.Keyword.getParameter(Keyword.java:49)
at com.mytravels.keyword.Keyword.getParameter(Keyword.java:49)
at com.mytravels.keyword.Keyword.getParameter(Keyword.java:49)
at com.mytravels.keyword.Keyword.getParameter(Keyword.java:49)
at com.mytravels.keyword.Keyword.getParameter(Keyword.java:49)
at com.mytravels.keyword.Keyword.getParameter(Keyword.java:49)
at com.mytravels.keyword.Keyword.getParameter(Keyword.java:49)
at com.mytravels.keyword.Keyword.getParameter(Keyword.java:49)
at com.mytravels.keyword.Keyword.getParameter(Keyword.java:49)
at com.mytravels.keyword.Keyword.getParameter(Keyword.java:49)
at com.mytravels.keyword.Keyword.getParameter(Keyword.java:49)
at com.mytravels.keyword.Keyword.getParameter(Keyword.java:49)
at com.mytravels.keyword.Keyword.getParameter(Keyword.java:49)
at com.mytravels.keyword.Keyword.getParameter(Keyword.java:49)
at com.mytravels.keyword.Keyword.getParameter(Keyword.java:49)
at com.mytravels.keyword.Keyword.getParameter(Keyword.java:49)
at com.mytravels.keyword.Keyword.getParameter(Keyword.java:49)
at com.mytravels.keyword.Keyword.getParameter(Keyword.java:49)
at com.mytravels.keyword.Keyword.getParameter(Keyword.java:49)
at com.mytravels.keyword.Keyword.getParameter(Keyword.java:49)
at com.mytravels.keyword.Keyword.getParameter(Keyword.java:49)
at com.mytravels.keyword.Keyword.getParameter(Keyword.java:49)
at com.mytravels.keyword.Keyword.getParameter(Keyword.java:49)
at com.mytravels.keyword.Keyword.getParameter(Keyword.java:49)
at com.mytravels.keyword.Keyword.getParameter(Keyword.java:49)
at com.mytravels.keyword.Keyword.getParameter(Keyword.java:49)
at com.mytravels.keyword.Keyword.getParameter(Keyword.java:49)
at com.mytravels.keyword.Keyword.getParameter(Keyword.java:49)
at com.mytravels.keyword.Keyword.getParameter(Keyword.java:49)
at com.mytravels.keyword.Keyword.getParameter(Keyword.java:49)
at com.mytravels.keyword.Keyword.getParameter(Keyword.java:49)
at com.mytravels.keyword.Keyword.getParameter(Keyword.java:49)
at com.mytravels.keyword.Keyword.getParameter(Keyword.java:49)
at com.mytravels.keyword.Keyword.getParameter(Keyword.java:49)
at com.mytravels.keyword.Keyword.getParameter(Keyword.java:49)
at com.mytravels.keyword.Keyword.getParameter(Keyword.java:49)
at com.mytravels.keyword.Keyword.getParameter(Keyword.java:49)
at com.mytravels.keyword.Keyword.getParameter(Keyword.java:49)
at com.mytravels.keyword.Keyword.getParameter(Keyword.java:49)
at com.mytravels.keyword.Keyword.getParameter(Keyword.java:49)
at com.mytravels.keyword.Keyword.getParameter(Keyword.java:49)
at com.mytravels.keyword.Keyword.getParameter(Keyword.java:49)
at com.mytravels.keyword.Keyword.getParameter(Keyword.java:49)
at com.mytravels.keyword.Keyword.getParameter(Keyword.java:49)
at com.mytravels.keyword.Keyword.getParameter(Keyword.java:49)
at com.mytravels.keyword.Keyword.getParameter(Keyword.java:49)
at com.mytravels.keyword.Keyword.getParameter(Keyword.java:49)
at com.mytravels.keyword.Keyword.getParameter(Keyword.java:49)
at com.mytravels.keyword.Keyword.getParameter(Keyword.java:49)
at com.mytravels.keyword.Keyword.getParameter(Keyword.java:49)
at com.mytravels.keyword.Keyword.getParameter(Keyword.java:49)
at com.mytravels.keyword.Keyword.getParameter(Keyword.java:49)
at com.mytravels.keyword.Keyword.getParameter(Keyword.java:49)
at com.mytravels.keyword.Keyword.getParameter(Keyword.java:49)
at com.mytravels.keyword.Keyword.getParameter(Keyword.java:49)
at com.mytravels.keyword.Keyword.getParameter(Keyword.java:49)
at com.mytravels.keyword.Keyword.getParameter(Keyword.java:49)
at com.mytravels.keyword.Keyword.getParameter(Keyword.java:49)
at com.mytravels.keyword.Keyword.getParameter(Keyword.java:49)
at com.mytravels.keyword.Keyword.getParameter(Keyword.java:49)
at com.mytravels.keyword.Keyword.getParameter(Keyword.java:49)
at com.mytravels.keyword.Keyword.getParameter(Keyword.java:49)
at com.mytravels.keyword.Keyword.getParameter(Keyword.java:49)
at com.mytravels.keyword.Keyword.getParameter(Keyword.java:49)
at com.mytravels.keyword.Keyword.getParameter(Keyword.java:49)
at com.mytravels.keyword.Keyword.getParameter(Keyword.java:49)
at com.mytravels.keyword.Keyword.getParameter(Keyword.java:49)
at com.mytravels.keyword.Keyword.getParameter(Keyword.java:49)
at com.mytravels.keyword.Keyword.getParameter(Keyword.java:49)
at com.mytravels.keyword.Keyword.getParameter(Keyword.java:49)
at com.mytravels.keyword.Keyword.getParameter(Keyword.java:49)
at com.mytravels.keyword.Keyword.getParameter(Keyword.java:49)
at com.mytravels.keyword.Keyword.getParameter(Keyword.java:49)
at com.mytravels.keyword.Keyword.getParameter(Keyword.java:49)
at com.mytravels.keyword.Keyword.getParameter(Keyword.java:49)
at com.mytravels.keyword.Keyword.getParameter(Keyword.java:49)
at com.mytravels.keyword.Keyword.getParameter(Keyword.java:49)
at com.mytravels.keyword.Keyword.getParameter(Keyword.java:49)
at com.mytravels.keyword.Keyword.getParameter(Keyword.java:49)
at com.mytravels.keyword.Keyword.getParameter(Keyword.java:49)
at com.mytravels.keyword.Keyword.getParameter(Keyword.java:49)
at com.mytravels.keyword.Keyword.getParameter(Keyword.java:49)
at com.mytravels.keyword.Keyword.getParameter(Keyword.java:49)
at com.mytravels.keyword.Keyword.getParameter(Keyword.java:49)
at com.mytravels.keyword.Keyword.getParameter(Keyword.java:49)
at com.mytravels.keyword.Keyword.getParameter(Keyword.java:49)
at com.mytravels.keyword.Keyword.getParameter(Keyword.java:49)
at com.mytravels.keyword.Keyword.getParameter(Keyword.java:49)
at com.mytravels.keyword.Keyword.getParameter(Keyword.java:49)
at com.mytravels.keyword.Keyword.getParameter(Keyword.java:49)
at com.mytravels.keyword.Keyword.getParameter(Keyword.java:49)
at com.mytravels.keyword.Keyword.getParameter(Keyword.java:49)
at com.mytravels.keyword.Keyword.getParameter(Keyword.java:49)
at com.mytravels.keyword.Keyword.getParameter(Keyword.java:49)
at com.mytravels.keyword.Keyword.getParameter(Keyword.java:49)
at com.mytravels.keyword.Keyword.getParameter(Keyword.java:49)
at com.mytravels.keyword.Keyword.getParameter(Keyword.java:49)
at com.mytravels.keyword.Keyword.getParameter(Keyword.java:49)
at com.mytravels.keyword.Keyword.getParameter(Keyword.java:49)
at com.mytravels.keyword.Keyword.getParameter(Keyword.java:49)
at com.mytravels.keyword.Keyword.getParameter(Keyword.java:49)
at com.mytravels.keyword.Keyword.getParameter(Keyword.java:49)
at com.mytravels.keyword.Keyword.getParameter(Keyword.java:49)
at com.mytravels.keyword.Keyword.getParameter(Keyword.java:49)
at com.mytravels.keyword.Keyword.getParameter(Keyword.java:49)
at com.mytravels.keyword.Keyword.getParameter(Keyword.java:49)
at com.mytravels.keyword.Keyword.getParameter(Keyword.java:49)
at com.mytravels.keyword.Keyword.getParameter(Keyword.java:49)
at com.mytravels.keyword.Keyword.getParameter(Keyword.java:49)
at com.mytravels.keyword.Keyword.getParameter(Keyword.java:49)
at com.mytravels.keyword.Keyword.getParameter(Keyword.java:49)
at com.mytravels.keyword.Keyword.getParameter(Keyword.java:49)
at com.mytravels.keyword.Keyword.getParameter(Keyword.java:49)
at com.mytravels.keyword.Keyword.getParameter(Keyword.java:49)
at com.mytravels.keyword.Keyword.getParameter(Keyword.java:49)
at com.mytravels.keyword.Keyword.getParameter(Keyword.java:49)
at com.mytravels.keyword.Keyword.getParameter(Keyword.java:49)
at com.mytravels.keyword.Keyword.getParameter(Keyword.java:49)
at com.mytravels.keyword.Keyword.getParameter(Keyword.java:49)
at com.mytravels.keyword.Keyword.getParameter(Keyword.java:49)
at com.mytravels.keyword.Keyword.getParameter(Keyword.java:49)
at com.mytravels.keyword.Keyword.getParameter(Keyword.java:49)
at com.mytravels.keyword.Keyword.getParameter(Keyword.java:49)
at com.mytravels.keyword.Keyword.getParameter(Keyword.java:49)
at com.mytravels.keyword.Keyword.getParameter(Keyword.java:49)
at com.mytravels.keyword.Keyword.getParameter(Keyword.java:49)
at com.mytravels.keyword.Keyword.getParameter(Keyword.java:49)
at com.mytravels.keyword.Keyword.getParameter(Keyword.java:49)
at com.mytravels.keyword.Keyword.getParameter(Keyword.java:49)
at com.mytravels.keyword.Keyword.getParameter(Keyword.java:49)
at com.mytravels.keyword.Keyword.getParameter(Keyword.java:49)
at com.mytravels.keyword.Keyword.getParameter(Keyword.java:49)
at com.mytravels.keyword.Keyword.getParameter(Keyword.java:49)
at com.mytravels.keyword.Keyword.getParameter(Keyword.java:49)
at com.mytravels.keyword.Keyword.getParameter(Keyword.java:49)
at com.mytravels.keyword.Keyword.getParameter(Keyword.java:49)
at com.mytravels.keyword.Keyword.getParameter(Keyword.java:49)
at com.mytravels.keyword.Keyword.getParameter(Keyword.java:49)
at com.mytravels.keyword.Keyword.getParameter(Keyword.java:49)
at com.mytravels.keyword.Keyword.getParameter(Keyword.java:49)
at com.mytravels.keyword.Keyword.getParameter(Keyword.java:49)
at com.mytravels.keyword.Keyword.getParameter(Keyword.java:49)
at com.mytravels.keyword.Keyword.getParameter(Keyword.java:49)
at com.mytravels.keyword.Keyword.getParameter(Keyword.java:49)
at com.mytravels.keyword.Keyword.getParameter(Keyword.java:49)
at com.mytravels.keyword.Keyword.getParameter(Keyword.java:49)
at com.mytravels.keyword.Keyword.getParameter(Keyword.java:49)
at com.mytravels.keyword.Keyword.getParameter(Keyword.java:49)
at com.mytravels.keyword.Keyword.getParameter(Keyword.java:49)
at com.mytravels.keyword.Keyword.getParameter(Keyword.java:49)
at com.mytravels.keyword.Keyword.getParameter(Keyword.java:49)
at com.mytravels.keyword.Keyword.getParameter(Keyword.java:49)
at com.mytravels.keyword.Keyword.getParameter(Keyword.java:49)
at com.mytravels.keyword.Keyword.getParameter(Keyword.java:49)
at com.mytravels.keyword.Keyword.getParameter(Keyword.java:49)
at com.mytravels.keyword.Keyword.getParameter(Keyword.java:49)
at com.mytravels.keyword.Keyword.getParameter(Keyword.java:49)
at com.mytravels.keyword.Keyword.getParameter(Keyword.java:49)
at com.mytravels.keyword.Keyword.getParameter(Keyword.java:49)
at com.mytravels.keyword.Keyword.getParameter(Keyword.java:49)
at com.mytravels.keyword.Keyword.getParameter(Keyword.java:49)
at com.mytravels.keyword.Keyword.getParameter(Keyword.java:49)
at com.mytravels.keyword.Keyword.getParameter(Keyword.java:49)
at com.mytravels.keyword.Keyword.getParameter(Keyword.java:49)
at com.mytravels.keyword.Keyword.getParameter(Keyword.java:49)
at com.mytravels.keyword.Keyword.getParameter(Keyword.java:49)
at com.mytravels.keyword.Keyword.getParameter(Keyword.java:49)
at com.mytravels.keyword.Keyword.getParameter(Keyword.java:49)
at com.mytravels.keyword.Keyword.getParameter(Keyword.java:49)
at com.mytravels.keyword.Keyword.getParameter(Keyword.java:49)
at com.mytravels.keyword.Keyword.getParameter(Keyword.java:49)
at com.mytravels.keyword.Keyword.getParameter(Keyword.java:49)
at com.mytravels.keyword.Keyword.getParameter(Keyword.java:49)
at com.mytravels.keyword.Keyword.getParameter(Keyword.java:49)
at com.mytravels.keyword.Keyword.getParameter(Keyword.java:49)
at com.mytravels.keyword.Keyword.getParameter(Keyword.java:49)
at com.mytravels.keyword.Keyword.getParameter(Keyword.java:49)
at com.mytravels.keyword.Keyword.getParameter(Keyword.java:49)
at com.mytravels.keyword.Keyword.getParameter(Keyword.java:49)
at com.mytravels.keyword.Keyword.getParameter(Keyword.java:49)
at com.mytravels.keyword.Keyword.getParameter(Keyword.java:49)
at com.mytravels.keyword.Keyword.getParameter(Keyword.java:49)
at com.mytravels.keyword.Keyword.getParameter(Keyword.java:49)
at com.mytravels.keyword.Keyword.getParameter(Keyword.java:49)
at com.mytravels.keyword.Keyword.getParameter(Keyword.java:49)
at com.mytravels.keyword.Keyword.getParameter(Keyword.java:49)
at com.mytravels.keyword.Keyword.getParameter(Keyword.java:49)
at com.mytravels.keyword.Keyword.getParameter(Keyword.java:49)
at com.mytravels.keyword.Keyword.getParameter(Keyword.java:49)
at com.mytravels.keyword.Keyword.getParameter(Keyword.java:49)
at com.mytravels.keyword.Keyword.getParameter(Keyword.java:49)
at com.mytravels.keyword.Keyword.getParameter(Keyword.java:49)
at com.mytravels.keyword.Keyword.getParameter(Keyword.java:49)
at com.mytravels.keyword.Keyword.getParameter(Keyword.java:49)
at com.mytravels.keyword.Keyword.getParameter(Keyword.java:49)
at com.mytravels.keyword.Keyword.getParameter(Keyword.java:49)
at com.mytravels.keyword.Keyword.getParameter(Keyword.java:49)
at com.mytravels.keyword.Keyword.getParameter(Keyword.java:49)
at com.mytravels.keyword.Keyword.getParameter(Keyword.java:49)
at com.mytravels.keyword.Keyword.getParameter(Keyword.java:49)
at com.mytravels.keyword.Keyword.getParameter(Keyword.java:49)
at com.mytravels.keyword.Keyword.getParameter(Keyword.java:49)
at com.mytravels.keyword.Keyword.getParameter(Keyword.java:49)
at com.mytravels.keyword.Keyword.getParameter(Keyword.java:49)
at com.mytravels.keyword.Keyword.getParameter(Keyword.java:49)
at com.mytravels.keyword.Keyword.getParameter(Keyword.java:49)
at com.mytravels.keyword.Keyword.getParameter(Keyword.java:49)
at com.mytravels.keyword.Keyword.getParameter(Keyword.java:49)
at com.mytravels.keyword.Keyword.getParameter(Keyword.java:49)
at com.mytravels.keyword.Keyword.getParameter(Keyword.java:49)
at com.mytravels.keyword.Keyword.getParameter(Keyword.java:49)
at com.mytravels.keyword.Keyword.getParameter(Keyword.java:49)
at com.mytravels.keyword.Keyword.getParameter(Keyword.java:49)
at com.mytravels.keyword.Keyword.getParameter(Keyword.java:49)
at com.mytravels.keyword.Keyword.getParameter(Keyword.java:49)
at com.mytravels.keyword.Keyword.getParameter(Keyword.java:49)
at com.mytravels.keyword.Keyword.getParameter(Keyword.java:49)
at com.mytravels.keyword.Keyword.getParameter(Keyword.java:49)
at com.mytravels.keyword.Keyword.getParameter(Keyword.java:49)
at com.mytravels.keyword.Keyword.getParameter(Keyword.java:49)
at com.mytravels.keyword.Keyword.getParameter(Keyword.java:49)
at com.mytravels.keyword.Keyword.getParameter(Keyword.java:49)
at com.mytravels.keyword.Keyword.getParameter(Keyword.java:49)
at com.mytravels.keyword.Keyword.getParameter(Keyword.java:49)
at com.mytravels.keyword.Keyword.getParameter(Keyword.java:49)
at com.mytravels.keyword.Keyword.getParameter(Keyword.java:49)
at com.mytravels.keyword.Keyword.getParameter(Keyword.java:49)
at com.mytravels.keyword.Keyword.getParameter(Keyword.java:49)
at com.mytravels.keyword.Keyword.getParameter(Keyword.java:49)
at com.mytravels.keyword.Keyword.getParameter(Keyword.java:49)
at com.mytravels.keyword.Keyword.getParameter(Keyword.java:49)
at com.mytravels.keyword.Keyword.getParameter(Keyword.java:49)
at com.mytravels.keyword.Keyword.getParameter(Keyword.java:49)
at com.mytravels.keyword.Keyword.getParameter(Keyword.java:49)
at com.mytravels.keyword.Keyword.getParameter(Keyword.java:49)
at com.mytravels.keyword.Keyword.getParameter(Keyword.java:49)
at com.mytravels.keyword.Keyword.getParameter(Keyword.java:49)
at com.mytravels.keyword.Keyword.getParameter(Keyword.java:49)
at com.mytravels.keyword.Keyword.getParameter(Keyword.java:49)
at com.mytravels.keyword.Keyword.getParameter(Keyword.java:49)
at com.mytravels.keyword.Keyword.getParameter(Keyword.java:49)
at com.mytravels.keyword.Keyword.getParameter(Keyword.java:49)
at com.mytravels.keyword.Keyword.getParameter(Keyword.java:49)
at com.mytravels.keyword.Keyword.getParameter(Keyword.java:49)
at com.mytravels.keyword.Keyword.getParameter(Keyword.java:49)
at com.mytravels.keyword.Keyword.getParameter(Keyword.java:49)
at com.mytravels.keyword.Keyword.getParameter(Keyword.java:49)
at com.mytravels.keyword.Keyword.getParameter(Keyword.java:49)
at com.mytravels.keyword.Keyword.getParameter(Keyword.java:49)
at com.mytravels.keyword.Keyword.getParameter(Keyword.java:49)
at com.mytravels.keyword.Keyword.getParameter(Keyword.java:49)
at com.mytravels.keyword.Keyword.getParameter(Keyword.java:49)
at com.mytravels.keyword.Keyword.getParameter(Keyword.java:49)
at com.mytravels.keyword.Keyword.getParameter(Keyword.java:49)
at com.mytravels.keyword.Keyword.getParameter(Keyword.java:49)
at com.mytravels.keyword.Keyword.getParameter(Keyword.java:49)
at com.mytravels.keyword.Keyword.getParameter(Keyword.java:49)
at com.mytravels.keyword.Keyword.getParameter(Keyword.java:49)
at com.mytravels.keyword.Keyword.getParameter(Keyword.java:49)
at com.mytravels.keyword.Keyword.getParameter(Keyword.java:49)
at com.mytravels.keyword.Keyword.getParameter(Keyword.java:49)
at com.mytravels.keyword.Keyword.getParameter(Keyword.java:49)
at com.mytravels.keyword.Keyword.getParameter(Keyword.java:49)
at com.mytravels.keyword.Keyword.getParameter(Keyword.java:49)
at com.mytravels.keyword.Keyword.getParameter(Keyword.java:49)
at com.mytravels.keyword.Keyword.getParameter(Keyword.java:49)
at com.mytravels.keyword.Keyword.getParameter(Keyword.java:49)
at com.mytravels.keyword.Keyword.getParameter(Keyword.java:49)
at com.mytravels.keyword.Keyword.getParameter(Keyword.java:49)
at com.mytravels.keyword.Keyword.getParameter(Keyword.java:49)
at com.mytravels.keyword.Keyword.getParameter(Keyword.java:49)
at com.mytravels.keyword.Keyword.getParameter(Keyword.java:49)
at com.mytravels.keyword.Keyword.getParameter(Keyword.java:49)
at com.mytravels.keyword.Keyword.getParameter(Keyword.java:49)
at com.mytravels.keyword.Keyword.getParameter(Keyword.java:49)
at com.mytravels.keyword.Keyword.getParameter(Keyword.java:49)
at com.mytravels.keyword.Keyword.getParameter(Keyword.java:49)
at com.mytravels.keyword.Keyword.getParameter(Keyword.java:49)
at com.mytravels.keyword.Keyword.getParameter(Keyword.java:49)
at com.mytravels.keyword.Keyword.getParameter(Keyword.java:49)
at com.mytravels.keyword.Keyword.getParameter(Keyword.java:49)
at com.mytravels.keyword.Keyword.getParameter(Keyword.java:49)
at com.mytravels.keyword.Keyword.getParameter(Keyword.java:49)
at com.mytravels.keyword.Keyword.getParameter(Keyword.java:49)
at com.mytravels.keyword.Keyword.getParameter(Keyword.java:49)
at com.mytravels.keyword.Keyword.getParameter(Keyword.java:49)
at com.mytravels.keyword.Keyword.getParameter(Keyword.java:49)
at com.mytravels.keyword.Keyword.getParameter(Keyword.java:49)
at com.mytravels.keyword.Keyword.getParameter(Keyword.java:49)
at com.mytravels.keyword.Keyword.getParameter(Keyword.java:49)
at com.mytravels.keyword.Keyword.getParameter(Keyword.java:49)
at com.mytravels.keyword.Keyword.getParameter(Keyword.java:49)
at com.mytravels.keyword.Keyword.getParameter(Keyword.java:49)
at com.mytravels.keyword.Keyword.getParameter(Keyword.java:49)
at com.mytravels.keyword.Keyword.getParameter(Keyword.java:49)
at com.mytravels.keyword.Keyword.getParameter(Keyword.java:49)
at com.mytravels.keyword.Keyword.getParameter(Keyword.java:49)
at com.mytravels.keyword.Keyword.getParameter(Keyword.java:49)
at com.mytravels.keyword.Keyword.getParameter(Keyword.java:49)
at com.mytravels.keyword.Keyword.getParameter(Keyword.java:49)
at com.mytravels.keyword.Keyword.getParameter(Keyword.java:49)
at com.mytravels.keyword.Keyword.getParameter(Keyword.java:49)
at com.mytravels.keyword.Keyword.getParameter(Keyword.java:49)
at com.mytravels.keyword.Keyword.getParameter(Keyword.java:49)
at com.mytravels.keyword.Keyword.getParameter(Keyword.java:49)
at com.mytravels.keyword.Keyword.getParameter(Keyword.java:49)
at com.mytravels.keyword.Keyword.getParameter(Keyword.java:49)
at com.mytravels.keyword.Keyword.getParameter(Keyword.java:49)
at com.mytravels.keyword.Keyword.getParameter(Keyword.java:49)
at com.mytravels.keyword.Keyword.getParameter(Keyword.java:49)
at com.mytravels.keyword.Keyword.getParameter(Keyword.java:49)
at com.mytravels.keyword.Keyword.getParameter(Keyword.java:49)
at com.mytravels.keyword.Keyword.getParameter(Keyword.java:49)
at com.mytravels.keyword.Keyword.getParameter(Keyword.java:49)
at com.mytravels.keyword.Keyword.getParameter(Keyword.java:49)
at com.mytravels.keyword.Keyword.getParameter(Keyword.java:49)
at com.mytravels.keyword.Keyword.getParameter(Keyword.java:49)
at com.mytravels.keyword.Keyword.getParameter(Keyword.java:49)
at com.mytravels.keyword.Keyword.getParameter(Keyword.java:49)
at com.mytravels.keyword.Keyword.getParameter(Keyword.java:49)
at com.mytravels.keyword.Keyword.getParameter(Keyword.java:49)
at com.mytravels.keyword.Keyword.getParameter(Keyword.java:49)
at com.mytravels.keyword.Keyword.getParameter(Keyword.java:49)
at com.mytravels.keyword.Keyword.getParameter(Keyword.java:49)
at com.mytravels.keyword.Keyword.getParameter(Keyword.java:49)
at com.mytravels.keyword.Keyword.getParameter(Keyword.java:49)
at com.mytravels.keyword.Keyword.getParameter(Keyword.java:49)
at com.mytravels.keyword.Keyword.getParameter(Keyword.java:49)
at com.mytravels.keyword.Keyword.getParameter(Keyword.java:49)
at com.mytravels.keyword.Keyword.getParameter(Keyword.java:49)
at com.mytravels.keyword.Keyword.getParameter(Keyword.java:49)
at com.mytravels.keyword.Keyword.getParameter(Keyword.java:49)
at com.mytravels.keyword.Keyword.getParameter(Keyword.java:49)
at com.mytravels.keyword.Keyword.getParameter(Keyword.java:49)
at com.mytravels.keyword.Keyword.getParameter(Keyword.java:49)
at com.mytravels.keyword.Keyword.getParameter(Keyword.java:49)
at com.mytravels.keyword.Keyword.getParameter(Keyword.java:49)
at com.mytravels.keyword.Keyword.getParameter(Keyword.java:49)
at com.mytravels.keyword.Keyword.getParameter(Keyword.java:49)
at com.mytravels.keyword.Keyword.getParameter(Keyword.java:49)
at com.mytravels.keyword.Keyword.getParameter(Keyword.java:49)
at com.mytravels.keyword.Keyword.getParameter(Keyword.java:49)
at com.mytravels.keyword.Keyword.getParameter(Keyword.java:49)
at com.mytravels.keyword.Keyword.getParameter(Keyword.java:49)
at com.mytravels.keyword.Keyword.getParameter(Keyword.java:49)
at com.mytravels.keyword.Keyword.getParameter(Keyword.java:49)
at com.mytravels.keyword.Keyword.getParameter(Keyword.java:49)
at com.mytravels.keyword.Keyword.getParameter(Keyword.java:49)
at com.mytravels.keyword.Keyword.getParameter(Keyword.java:49)
at com.mytravels.keyword.Keyword.getParameter(Keyword.java:49)
at com.mytravels.keyword.Keyword.getParameter(Keyword.java:49)
at com.mytravels.keyword.Keyword.getParameter(Keyword.java:49)
at com.mytravels.keyword.Keyword.getParameter(Keyword.java:49)
at com.mytravels.keyword.Keyword.getParameter(Keyword.java:49)
at com.mytravels.keyword.Keyword.getParameter(Keyword.java:49)
at com.mytravels.keyword.Keyword.getParameter(Keyword.java:49)
at com.mytravels.keyword.Keyword.getParameter(Keyword.java:49)
at com.mytravels.keyword.Keyword.getParameter(Keyword.java:49)
at com.mytravels.keyword.Keyword.getParameter(Keyword.java:49)
at com.mytravels.keyword.Keyword.getParameter(Keyword.java:49)
at com.mytravels.keyword.Keyword.getParameter(Keyword.java:49)
at com.mytravels.keyword.Keyword.getParameter(Keyword.java:49)
at com.mytravels.keyword.Keyword.getParameter(Keyword.java:49)
at com.mytravels.keyword.Keyword.getParameter(Keyword.java:49)
at com.mytravels.keyword.Keyword.getParameter(Keyword.java:49)
at com.mytravels.keyword.Keyword.getParameter(Keyword.java:49)
at com.mytravels.keyword.Keyword.getParameter(Keyword.java:49)
at com.mytravels.keyword.Keyword.getParameter(Keyword.java:49)
at com.mytravels.keyword.Keyword.getParameter(Keyword.java:49)
at com.mytravels.keyword.Keyword.getParameter(Keyword.java:49)
at com.mytravels.keyword.Keyword.getParameter(Keyword.java:49)
at com.mytravels.keyword.Keyword.getParameter(Keyword.java:49)
at com.mytravels.keyword.Keyword.getParameter(Keyword.java:49)
at com.mytravels.keyword.Keyword.getParameter(Keyword.java:49)
at com.mytravels.keyword.Keyword.getParameter(Keyword.java:49)
at com.mytravels.keyword.Keyword.getParameter(Keyword.java:49)
at com.mytravels.keyword.Keyword.getParameter(Keyword.java:49)
at com.mytravels.keyword.Keyword.getParameter(Keyword.java:49)
at com.mytravels.keyword.Keyword.getParameter(Keyword.java:49)
at com.mytravels.keyword.Keyword.getParameter(Keyword.java:49)
at com.mytravels.keyword.Keyword.getParameter(Keyword.java:49)
at com.mytravels.keyword.Keyword.getParameter(Keyword.java:49)
at com.mytravels.keyword.Keyword.getParameter(Keyword.java:49)
at com.mytravels.keyword.Keyword.getParameter(Keyword.java:49)
at com.mytravels.keyword.Keyword.getParameter(Keyword.java:49)
at com.mytravels.keyword.Keyword.getParameter(Keyword.java:49)
at com.mytravels.keyword.Keyword.getParameter(Keyword.java:49)
at com.mytravels.keyword.Keyword.getParameter(Keyword.java:49)
at com.mytravels.keyword.Keyword.getParameter(Keyword.java:49)
at com.mytravels.keyword.Keyword.getParameter(Keyword.java:49)
at com.mytravels.keyword.Keyword.getParameter(Keyword.java:49)
at com.mytravels.keyword.Keyword.getParameter(Keyword.java:49)
at com.mytravels.keyword.Keyword.getParameter(Keyword.java:49)
at com.mytravels.keyword.Keyword.getParameter(Keyword.java:49)
at com.mytravels.keyword.Keyword.getParameter(Keyword.java:49)
at com.mytravels.keyword.Keyword.getParameter(Keyword.java:49)
at com.mytravels.keyword.Keyword.getParameter(Keyword.java:49)
at com.mytravels.keyword.Keyword.getParameter(Keyword.java:49)
at com.mytravels.keyword.Keyword.getParameter(Keyword.java:49)
at com.mytravels.keyword.Keyword.getParameter(Keyword.java:49)
at com.mytravels.keyword.Keyword.getParameter(Keyword.java:49)
at com.mytravels.keyword.Keyword.getParameter(Keyword.java:49)
at com.mytravels.keyword.Keyword.getParameter(Keyword.java:49)
at com.mytravels.keyword.Keyword.getParameter(Keyword.java:49)
at com.mytravels.keyword.Keyword.getParameter(Keyword.java:49)
at com.mytravels.keyword.Keyword.getParameter(Keyword.java:49)
at com.mytravels.keyword.Keyword.getParameter(Keyword.java:49)
at com.mytravels.keyword.Keyword.getParameter(Keyword.java:49)
at com.mytravels.keyword.Keyword.getParameter(Keyword.java:49)
at com.mytravels.keyword.Keyword.getParameter(Keyword.java:49)
at com.mytravels.keyword.Keyword.getParameter(Keyword.java:49)
at com.mytravels.keyword.Keyword.getParameter(Keyword.java:49)
at com.mytravels.keyword.Keyword.getParameter(Keyword.java:49)
at com.mytravels.keyword.Keyword.getParameter(Keyword.java:49)
at com.mytravels.keyword.Keyword.getParameter(Keyword.java:49)
at com.mytravels.keyword.Keyword.getParameter(Keyword.java:49)
at com.mytravels.keyword.Keyword.getParameter(Keyword.java:49)
at com.mytravels.keyword.Keyword.getParameter(Keyword.java:49)
at com.mytravels.keyword.Keyword.getParameter(Keyword.java:49)
at com.mytravels.keyword.Keyword.getParameter(Keyword.java:49)
at com.mytravels.keyword.Keyword.getParameter(Keyword.java:49)
at com.mytravels.keyword.Keyword.getParameter(Keyword.java:49)
at com.mytravels.keyword.Keyword.getParameter(Keyword.java:49)
at com.mytravels.keyword.Keyword.getParameter(Keyword.java:49)
at com.mytravels.keyword.Keyword.getParameter(Keyword.java:49)
at com.mytravels.keyword.Keyword.getParameter(Keyword.java:49)
at com.mytravels.keyword.Keyword.getParameter(Keyword.java:49)
at com.mytravels.keyword.Keyword.getParameter(Keyword.java:49)
at com.mytravels.keyword.Keyword.getParameter(Keyword.java:49)
at com.mytravels.keyword.Keyword.getParameter(Keyword.java:49)
at com.mytravels.keyword.Keyword.getParameter(Keyword.java:49)
at com.mytravels.keyword.Keyword.getParameter(Keyword.java:49)
at com.mytravels.keyword.Keyword.getParameter(Keyword.java:49)
at com.mytravels.keyword.Keyword.getParameter(Keyword.java:49)
at com.mytravels.keyword.Keyword.getParameter(Keyword.java:49)
at com.mytravels.keyword.Keyword.getParameter(Keyword.java:49)
at com.mytravels.keyword.Keyword.getParameter(Keyword.java:49)
at com.mytravels.keyword.Keyword.getParameter(Keyword.java:49)
at com.mytravels.keyword.Keyword.getParameter(Keyword.java:49)
at com.mytravels.keyword.Keyword.getParameter(Keyword.java:49)
at com.mytravels.keyword.Keyword.getParameter(Keyword.java:49)
at com.mytravels.keyword.Keyword.getParameter(Keyword.java:49)
at com.mytravels.keyword.Keyword.getParameter(Keyword.java:49)
at com.mytravels.keyword.Keyword.getParameter(Keyword.java:49)
at com.mytravels.keyword.Keyword.getParameter(Keyword.java:49)
at com.mytravels.keyword.Keyword.getParameter(Keyword.java:49)
at com.mytravels.keyword.Keyword.getParameter(Keyword.java:49)
at com.mytravels.keyword.Keyword.getParameter(Keyword.java:49)
at com.mytravels.keyword.Keyword.getParameter(Keyword.java:49)
at com.mytravels.keyword.Keyword.getParameter(Keyword.java:49)
at com.mytravels.keyword.Keyword.getParameter(Keyword.java:49)
at com.mytravels.keyword.Keyword.getParameter(Keyword.java:49)
at com.mytravels.keyword.Keyword.getParameter(Keyword.java:49)
at com.mytravels.keyword.Keyword.getParameter(Keyword.java:49)
at com.mytravels.keyword.Keyword.getParameter(Keyword.java:49)
at com.mytravels.keyword.Keyword.getParameter(Keyword.java:49)
at com.mytravels.keyword.Keyword.getParameter(Keyword.java:49)
at com.mytravels.keyword.Keyword.getParameter(Keyword.java:49)
at com.mytravels.keyword.Keyword.getParameter(Keyword.java:49)
at com.mytravels.keyword.Keyword.getParameter(Keyword.java:49)
at com.mytravels.keyword.Keyword.getParameter(Keyword.java:49)
at com.mytravels.keyword.Keyword.getParameter(Keyword.java:49)
at com.mytravels.keyword.Keyword.getParameter(Keyword.java:49)
at com.mytravels.keyword.Keyword.getParameter(Keyword.java:49)
at com.mytravels.keyword.Keyword.getParameter(Keyword.java:49)
at com.mytravels.keyword.Keyword.getParameter(Keyword.java:49)
at com.mytravels.keyword.Keyword.getParameter(Keyword.java:49)
at com.mytravels.keyword.Keyword.getParameter(Keyword.java:49)
at com.mytravels.keyword.Keyword.getParameter(Keyword.java:49)
at com.mytravels.keyword.Keyword.getParameter(Keyword.java:49)
at com.mytravels.keyword.Keyword.getParameter(Keyword.java:49)
at com.mytravels.keyword.Keyword.getParameter(Keyword.java:49)
at com.mytravels.keyword.Keyword.getParameter(Keyword.java:49)
at com.mytravels.keyword.Keyword.getParameter(Keyword.java:49)
at com.mytravels.keyword.Keyword.getParameter(Keyword.java:49)
at com.mytravels.keyword.Keyword.getParameter(Keyword.java:49)
at com.mytravels.keyword.Keyword.getParameter(Keyword.java:49)
at com.mytravels.keyword.Keyword.getParameter(Keyword.java:49)
at com.mytravels.keyword.Keyword.getParameter(Keyword.java:49)
at com.mytravels.keyword.Keyword.getParameter(Keyword.java:49)
at com.mytravels.keyword.Keyword.getParameter(Keyword.java:49)
at com.mytravels.keyword.Keyword.getParameter(Keyword.java:49)
at com.mytravels.keyword.Keyword.getParameter(Keyword.java:49)
at com.mytravels.keyword.Keyword.getParameter(Keyword.java:49)
at com.mytravels.keyword.Keyword.getParameter(Keyword.java:49)
at com.mytravels.keyword.Keyword.getParameter(Keyword.java:49)
at com.mytravels.keyword.Keyword.getParameter(Keyword.java:49)
at com.mytravels.keyword.Keyword.getParameter(Keyword.java:49)
at com.mytravels.keyword.Keyword.getParameter(Keyword.java:49)
at com.mytravels.keyword.Keyword.getParameter(Keyword.java:49)
at com.mytravels.keyword.Keyword.getParameter(Keyword.java:49)
]]>
    </error>
  </testcase> <!-- setUp -->
  <system-out/>
</testsuite> <!-- com.mytravels.pagetest.HomepagePageTest -->
