<?xml version="1.0" encoding="UTF-8"?>
<!-- Generated by org.testng.reporters.JUnitReportReporter -->
<testsuite hostname="DESKTOP-9RKLVC8" failures="0" tests="2" name="com.mytravels.pagetest.LoginPageTest" time="55.064" errors="0" timestamp="2020-06-28T10:17:31 IST" skipped="0">
  <testcase classname="com.mytravels.pagetest.LoginPageTest" name="verify_loginpage_Title" time="18.790"/>
  <system-out/>
  <testcase classname="com.mytravels.pagetest.LoginPageTest" name="verify_successful_login" time="36.274"/>
  <system-out/>
</testsuite> <!-- com.mytravels.pagetest.LoginPageTest -->
