<?xml version="1.0" encoding="UTF-8"?>
<!-- Generated by org.testng.reporters.JUnitReportReporter -->
<testsuite hostname="DESKTOP-9RKLVC8" failures="0" tests="1" name="com.mytravels.pagetest.LoginPageTest" time="18.494" errors="0" timestamp="2020-06-26T18:41:13 IST" skipped="0">
  <testcase classname="com.mytravels.pagetest.LoginPageTest" name="verify_loginpage_Title" time="18.494"/>
  <system-out/>
</testsuite> <!-- com.mytravels.pagetest.LoginPageTest -->
