<?xml version="1.0" encoding="UTF-8"?>
<!-- Generated by org.testng.reporters.JUnitReportReporter -->
<testsuite hostname="DESKTOP-9RKLVC8" failures="0" tests="6" name="com.mytravels.pagetest.LoginPageTest" time="113.286" errors="0" timestamp="2020-06-29T16:55:45 IST" skipped="0">
  <testcase classname="com.mytravels.pagetest.LoginPageTest" name="verify_successful_login" time="22.003"/>
  <system-out/>
  <testcase classname="com.mytravels.pagetest.LoginPageTest" name="verify_successful_login" time="22.229"/>
  <system-out/>
  <testcase classname="com.mytravels.pagetest.LoginPageTest" name="verify_successful_login" time="20.526"/>
  <system-out/>
  <testcase classname="com.mytravels.pagetest.LoginPageTest" name="verify_successful_login" time="16.341"/>
  <system-out/>
  <testcase classname="com.mytravels.pagetest.LoginPageTest" name="verify_loginpage_Title" time="11.898"/>
  <system-out/>
  <testcase classname="com.mytravels.pagetest.LoginPageTest" name="verify_successful_login" time="20.289"/>
  <system-out/>
</testsuite> <!-- com.mytravels.pagetest.LoginPageTest -->
